{"C:\\Users\\letic\\pimp\\letraspip-tauri\\src\\App.tsx": {"path":"C:\\Users\\letic\\pimp\\letraspip-tauri\\src\\App.tsx","all":false,"statementMap":{"0":{"start":{"line":1,"column":0},"end":{"line":1,"column":34}},"1":{"start":{"line":2,"column":0},"end":{"line":2,"column":59}},"2":{"start":{"line":3,"column":0},"end":{"line":3,"column":51}},"3":{"start":{"line":4,"column":0},"end":{"line":4,"column":87}},"4":{"start":{"line":5,"column":0},"end":{"line":5,"column":90}},"5":{"start":{"line":6,"column":0},"end":{"line":6,"column":56}},"6":{"start":{"line":7,"column":0},"end":{"line":7,"column":58}},"7":{"start":{"line":8,"column":0},"end":{"line":8,"column":19}},"9":{"start":{"line":10,"column":0},"end":{"line":10,"column":16}},"10":{"start":{"line":11,"column":0},"end":{"line":11,"column":55}},"11":{"start":{"line":12,"column":0},"end":{"line":12,"column":41}},"12":{"start":{"line":13,"column":0},"end":{"line":13,"column":53}},"15":{"start":{"line":16,"column":0},"end":{"line":16,"column":19}},"16":{"start":{"line":17,"column":0},"end":{"line":17,"column":25}},"17":{"start":{"line":18,"column":0},"end":{"line":18,"column":34}},"20":{"start":{"line":21,"column":0},"end":{"line":21,"column":19}},"21":{"start":{"line":22,"column":0},"end":{"line":22,"column":16}},"22":{"start":{"line":23,"column":0},"end":{"line":23,"column":38}},"23":{"start":{"line":24,"column":0},"end":{"line":24,"column":46}},"24":{"start":{"line":25,"column":0},"end":{"line":25,"column":15}},"25":{"start":{"line":26,"column":0},"end":{"line":26,"column":39}},"26":{"start":{"line":27,"column":0},"end":{"line":27,"column":5}},"27":{"start":{"line":28,"column":0},"end":{"line":28,"column":14}},"29":{"start":{"line":30,"column":0},"end":{"line":30,"column":10}},"30":{"start":{"line":31,"column":0},"end":{"line":31,"column":8}},"31":{"start":{"line":32,"column":0},"end":{"line":32,"column":19}},"32":{"start":{"line":33,"column":0},"end":{"line":33,"column":31}},"35":{"start":{"line":36,"column":0},"end":{"line":36,"column":40}},"38":{"start":{"line":39,"column":0},"end":{"line":39,"column":51}},"39":{"start":{"line":40,"column":0},"end":{"line":40,"column":19}},"40":{"start":{"line":41,"column":0},"end":{"line":41,"column":32}},"41":{"start":{"line":42,"column":0},"end":{"line":42,"column":32}},"42":{"start":{"line":43,"column":0},"end":{"line":43,"column":41}},"43":{"start":{"line":44,"column":0},"end":{"line":44,"column":61}},"44":{"start":{"line":45,"column":0},"end":{"line":45,"column":13}},"46":{"start":{"line":47,"column":0},"end":{"line":47,"column":26}},"47":{"start":{"line":48,"column":0},"end":{"line":48,"column":55}},"49":{"start":{"line":50,"column":0},"end":{"line":50,"column":56}},"51":{"start":{"line":52,"column":0},"end":{"line":52,"column":21}},"52":{"start":{"line":53,"column":0},"end":{"line":53,"column":12}},"55":{"start":{"line":56,"column":0},"end":{"line":56,"column":23}},"56":{"start":{"line":57,"column":0},"end":{"line":57,"column":19}},"57":{"start":{"line":58,"column":0},"end":{"line":58,"column":21}},"58":{"start":{"line":59,"column":0},"end":{"line":59,"column":44}},"59":{"start":{"line":60,"column":0},"end":{"line":60,"column":42}},"60":{"start":{"line":61,"column":0},"end":{"line":61,"column":41}},"61":{"start":{"line":62,"column":0},"end":{"line":62,"column":59}},"63":{"start":{"line":64,"column":0},"end":{"line":64,"column":114}},"64":{"start":{"line":65,"column":0},"end":{"line":65,"column":49}},"65":{"start":{"line":66,"column":0},"end":{"line":66,"column":54}},"66":{"start":{"line":67,"column":0},"end":{"line":67,"column":18}},"67":{"start":{"line":68,"column":0},"end":{"line":68,"column":23}},"69":{"start":{"line":70,"column":0},"end":{"line":70,"column":24}},"72":{"start":{"line":73,"column":0},"end":{"line":73,"column":44}},"74":{"start":{"line":75,"column":0},"end":{"line":75,"column":43}},"75":{"start":{"line":76,"column":0},"end":{"line":76,"column":48}},"76":{"start":{"line":77,"column":0},"end":{"line":77,"column":14}},"79":{"start":{"line":80,"column":0},"end":{"line":80,"column":75}},"80":{"start":{"line":81,"column":0},"end":{"line":81,"column":56}},"81":{"start":{"line":82,"column":0},"end":{"line":82,"column":14}},"84":{"start":{"line":85,"column":0},"end":{"line":85,"column":55}},"85":{"start":{"line":86,"column":0},"end":{"line":86,"column":49}},"87":{"start":{"line":88,"column":0},"end":{"line":88,"column":16}},"88":{"start":{"line":89,"column":0},"end":{"line":89,"column":14}},"89":{"start":{"line":90,"column":0},"end":{"line":90,"column":12}},"90":{"start":{"line":91,"column":0},"end":{"line":91,"column":10}},"92":{"start":{"line":93,"column":0},"end":{"line":93,"column":1}},"94":{"start":{"line":95,"column":0},"end":{"line":95,"column":19}}},"s":{"0":1,"1":1,"2":1,"3":1,"4":1,"5":1,"6":1,"7":1,"9":13,"10":13,"11":13,"12":13,"15":13,"16":13,"17":13,"20":13,"21":12,"22":4,"23":1,"24":4,"25":4,"26":4,"27":13,"29":13,"30":13,"31":13,"32":13,"35":13,"38":13,"39":13,"40":13,"41":13,"42":13,"43":13,"44":13,"46":13,"47":2,"49":11,"51":13,"52":13,"55":13,"56":13,"57":4,"58":4,"59":4,"60":4,"61":4,"63":4,"64":4,"65":4,"66":4,"67":4,"69":13,"72":13,"74":13,"75":13,"76":13,"79":13,"80":13,"81":13,"84":13,"85":13,"87":13,"88":13,"89":13,"90":13,"92":13,"94":1},"branchMap":{"0":{"type":"branch","line":10,"loc":{"start":{"line":10,"column":0},"end":{"line":93,"column":1}},"locations":[{"start":{"line":10,"column":0},"end":{"line":93,"column":1}}]},"1":{"type":"branch","line":44,"loc":{"start":{"line":44,"column":12},"end":{"line":44,"column":46}},"locations":[{"start":{"line":44,"column":12},"end":{"line":44,"column":46}}]},"2":{"type":"branch","line":44,"loc":{"start":{"line":44,"column":26},"end":{"line":44,"column":61}},"locations":[{"start":{"line":44,"column":26},"end":{"line":44,"column":61}}]},"3":{"type":"branch","line":47,"loc":{"start":{"line":47,"column":11},"end":{"line":48,"column":55}},"locations":[{"start":{"line":47,"column":11},"end":{"line":48,"column":55}}]},"4":{"type":"branch","line":48,"loc":{"start":{"line":48,"column":53},"end":{"line":50,"column":56}},"locations":[{"start":{"line":48,"column":53},"end":{"line":50,"column":56}}]},"5":{"type":"branch","line":57,"loc":{"start":{"line":57,"column":9},"end":{"line":68,"column":23}},"locations":[{"start":{"line":57,"column":9},"end":{"line":68,"column":23}}]},"6":{"type":"branch","line":21,"loc":{"start":{"line":21,"column":12},"end":{"line":28,"column":5}},"locations":[{"start":{"line":21,"column":12},"end":{"line":28,"column":5}}]},"7":{"type":"branch","line":22,"loc":{"start":{"line":22,"column":15},"end":{"line":27,"column":5}},"locations":[{"start":{"line":22,"column":15},"end":{"line":27,"column":5}}]},"8":{"type":"branch","line":23,"loc":{"start":{"line":23,"column":31},"end":{"line":25,"column":9}},"locations":[{"start":{"line":23,"column":31},"end":{"line":25,"column":9}}]},"9":{"type":"branch","line":26,"loc":{"start":{"line":26,"column":13},"end":{"line":26,"column":39}},"locations":[{"start":{"line":26,"column":13},"end":{"line":26,"column":39}}]}},"b":{"0":[13],"1":[2],"2":[11],"3":[2],"4":[11],"5":[4],"6":[12],"7":[4],"8":[1],"9":[4]},"fnMap":{"0":{"name":"App","decl":{"start":{"line":10,"column":0},"end":{"line":93,"column":1}},"loc":{"start":{"line":10,"column":0},"end":{"line":93,"column":1}},"line":10}},"f":{"0":13}}
,"C:\\Users\\letic\\pimp\\letraspip-tauri\\src\\main.tsx": {"path":"C:\\Users\\letic\\pimp\\letraspip-tauri\\src\\main.tsx","all":true,"statementMap":{"0":{"start":{"line":1,"column":0},"end":{"line":1,"column":26}},"1":{"start":{"line":2,"column":0},"end":{"line":2,"column":40}},"2":{"start":{"line":3,"column":0},"end":{"line":3,"column":24}},"4":{"start":{"line":5,"column":0},"end":{"line":5,"column":75}},"5":{"start":{"line":6,"column":0},"end":{"line":6,"column":20}},"6":{"start":{"line":7,"column":0},"end":{"line":7,"column":11}},"7":{"start":{"line":8,"column":0},"end":{"line":8,"column":22}},"8":{"start":{"line":9,"column":0},"end":{"line":9,"column":2}}},"s":{"0":0,"1":0,"2":0,"4":0,"5":0,"6":0,"7":0,"8":0},"branchMap":{"0":{"type":"branch","line":1,"loc":{"start":{"line":1,"column":201},"end":{"line":9,"column":-166}},"locations":[{"start":{"line":1,"column":201},"end":{"line":9,"column":-166}}]}},"b":{"0":[0]},"fnMap":{"0":{"name":"(empty-report)","decl":{"start":{"line":1,"column":201},"end":{"line":9,"column":-166}},"loc":{"start":{"line":1,"column":201},"end":{"line":9,"column":-166}},"line":1}},"f":{"0":0}}
,"C:\\Users\\letic\\pimp\\letraspip-tauri\\src\\vite-env.d.ts": {"path":"C:\\Users\\letic\\pimp\\letraspip-tauri\\src\\vite-env.d.ts","all":true,"statementMap":{},"s":{},"branchMap":{"0":{"type":"branch","line":1,"loc":{"start":{"line":1,"column":37},"end":{"line":1,"column":37}},"locations":[{"start":{"line":1,"column":37},"end":{"line":1,"column":37}}]}},"b":{"0":[1]},"fnMap":{"0":{"name":"(empty-report)","decl":{"start":{"line":1,"column":37},"end":{"line":1,"column":37}},"loc":{"start":{"line":1,"column":37},"end":{"line":1,"column":37}},"line":1}},"f":{"0":1}}
,"C:\\Users\\letic\\pimp\\letraspip-tauri\\src\\components\\LyricsDisplay.tsx": {"path":"C:\\Users\\letic\\pimp\\letraspip-tauri\\src\\components\\LyricsDisplay.tsx","all":false,"statementMap":{"2":{"start":{"line":3,"column":0},"end":{"line":3,"column":60}},"3":{"start":{"line":4,"column":0},"end":{"line":4,"column":56}},"4":{"start":{"line":5,"column":0},"end":{"line":5,"column":102}},"6":{"start":{"line":7,"column":0},"end":{"line":7,"column":28}},"19":{"start":{"line":20,"column":0},"end":{"line":20,"column":79}},"20":{"start":{"line":21,"column":0},"end":{"line":21,"column":43}},"21":{"start":{"line":22,"column":0},"end":{"line":22,"column":49}},"22":{"start":{"line":23,"column":0},"end":{"line":23,"column":47}},"23":{"start":{"line":24,"column":0},"end":{"line":24,"column":47}},"25":{"start":{"line":26,"column":0},"end":{"line":26,"column":66}},"26":{"start":{"line":27,"column":0},"end":{"line":27,"column":64}},"29":{"start":{"line":30,"column":0},"end":{"line":30,"column":43}},"30":{"start":{"line":31,"column":0},"end":{"line":31,"column":42}},"32":{"start":{"line":33,"column":0},"end":{"line":33,"column":64}},"35":{"start":{"line":36,"column":0},"end":{"line":36,"column":52}},"36":{"start":{"line":37,"column":0},"end":{"line":37,"column":37}},"37":{"start":{"line":38,"column":0},"end":{"line":38,"column":76}},"38":{"start":{"line":39,"column":0},"end":{"line":39,"column":17}},"39":{"start":{"line":40,"column":0},"end":{"line":40,"column":7}},"40":{"start":{"line":41,"column":0},"end":{"line":41,"column":5}},"43":{"start":{"line":44,"column":0},"end":{"line":44,"column":52}},"44":{"start":{"line":45,"column":0},"end":{"line":45,"column":15}},"45":{"start":{"line":46,"column":0},"end":{"line":46,"column":5}},"48":{"start":{"line":49,"column":0},"end":{"line":49,"column":36}},"49":{"start":{"line":50,"column":0},"end":{"line":50,"column":50}},"52":{"start":{"line":53,"column":0},"end":{"line":53,"column":19}},"53":{"start":{"line":54,"column":0},"end":{"line":54,"column":26}},"54":{"start":{"line":55,"column":0},"end":{"line":55,"column":38}},"55":{"start":{"line":56,"column":0},"end":{"line":56,"column":34}},"56":{"start":{"line":57,"column":0},"end":{"line":57,"column":33}},"57":{"start":{"line":58,"column":0},"end":{"line":58,"column":46}},"59":{"start":{"line":60,"column":0},"end":{"line":60,"column":39}},"60":{"start":{"line":61,"column":0},"end":{"line":61,"column":5}},"61":{"start":{"line":62,"column":0},"end":{"line":62,"column":61}},"64":{"start":{"line":65,"column":0},"end":{"line":65,"column":52}},"65":{"start":{"line":66,"column":0},"end":{"line":66,"column":42}},"67":{"start":{"line":68,"column":0},"end":{"line":68,"column":66}},"68":{"start":{"line":69,"column":0},"end":{"line":69,"column":35}},"71":{"start":{"line":72,"column":0},"end":{"line":72,"column":66}},"72":{"start":{"line":73,"column":0},"end":{"line":73,"column":43}},"73":{"start":{"line":74,"column":0},"end":{"line":74,"column":63}},"74":{"start":{"line":75,"column":0},"end":{"line":75,"column":20}},"75":{"start":{"line":76,"column":0},"end":{"line":76,"column":42}},"76":{"start":{"line":77,"column":0},"end":{"line":77,"column":27}},"77":{"start":{"line":78,"column":0},"end":{"line":78,"column":31}},"78":{"start":{"line":79,"column":0},"end":{"line":79,"column":26}},"79":{"start":{"line":80,"column":0},"end":{"line":80,"column":11}},"80":{"start":{"line":81,"column":0},"end":{"line":81,"column":7}},"81":{"start":{"line":82,"column":0},"end":{"line":82,"column":5}},"84":{"start":{"line":85,"column":0},"end":{"line":85,"column":71}},"85":{"start":{"line":86,"column":0},"end":{"line":86,"column":18}},"86":{"start":{"line":87,"column":0},"end":{"line":87,"column":45}},"87":{"start":{"line":88,"column":0},"end":{"line":88,"column":30}},"88":{"start":{"line":89,"column":0},"end":{"line":89,"column":28}},"89":{"start":{"line":90,"column":0},"end":{"line":90,"column":23}},"90":{"start":{"line":91,"column":0},"end":{"line":91,"column":9}},"91":{"start":{"line":92,"column":0},"end":{"line":92,"column":5}},"94":{"start":{"line":95,"column":0},"end":{"line":95,"column":85}},"95":{"start":{"line":96,"column":0},"end":{"line":96,"column":43}},"96":{"start":{"line":97,"column":0},"end":{"line":97,"column":63}},"97":{"start":{"line":98,"column":0},"end":{"line":98,"column":20}},"98":{"start":{"line":99,"column":0},"end":{"line":99,"column":42}},"99":{"start":{"line":100,"column":0},"end":{"line":100,"column":27}},"100":{"start":{"line":101,"column":0},"end":{"line":101,"column":27}},"101":{"start":{"line":102,"column":0},"end":{"line":102,"column":26}},"102":{"start":{"line":103,"column":0},"end":{"line":103,"column":11}},"103":{"start":{"line":104,"column":0},"end":{"line":104,"column":7}},"104":{"start":{"line":105,"column":0},"end":{"line":105,"column":5}},"106":{"start":{"line":107,"column":0},"end":{"line":107,"column":17}},"107":{"start":{"line":108,"column":0},"end":{"line":108,"column":72}},"110":{"start":{"line":111,"column":0},"end":{"line":111,"column":52}},"111":{"start":{"line":112,"column":0},"end":{"line":112,"column":39}},"113":{"start":{"line":114,"column":0},"end":{"line":114,"column":27}},"114":{"start":{"line":115,"column":0},"end":{"line":115,"column":29}},"116":{"start":{"line":117,"column":0},"end":{"line":117,"column":44}},"117":{"start":{"line":118,"column":0},"end":{"line":118,"column":31}},"118":{"start":{"line":119,"column":0},"end":{"line":119,"column":25}},"119":{"start":{"line":120,"column":0},"end":{"line":120,"column":15}},"120":{"start":{"line":121,"column":0},"end":{"line":121,"column":53}},"121":{"start":{"line":122,"column":0},"end":{"line":122,"column":34}},"122":{"start":{"line":123,"column":0},"end":{"line":123,"column":7}},"123":{"start":{"line":124,"column":0},"end":{"line":124,"column":6}},"125":{"start":{"line":126,"column":0},"end":{"line":126,"column":37}},"126":{"start":{"line":127,"column":0},"end":{"line":127,"column":4}},"129":{"start":{"line":130,"column":0},"end":{"line":130,"column":16}},"130":{"start":{"line":131,"column":0},"end":{"line":131,"column":12}},"131":{"start":{"line":132,"column":0},"end":{"line":132,"column":57}},"132":{"start":{"line":133,"column":0},"end":{"line":133,"column":19}},"133":{"start":{"line":134,"column":0},"end":{"line":134,"column":34}},"134":{"start":{"line":135,"column":0},"end":{"line":135,"column":34}},"135":{"start":{"line":136,"column":0},"end":{"line":136,"column":55}},"136":{"start":{"line":137,"column":0},"end":{"line":137,"column":9}},"138":{"start":{"line":139,"column":0},"end":{"line":139,"column":21}},"139":{"start":{"line":140,"column":0},"end":{"line":140,"column":12}},"141":{"start":{"line":142,"column":0},"end":{"line":142,"column":3}},"144":{"start":{"line":145,"column":0},"end":{"line":145,"column":72}},"145":{"start":{"line":146,"column":0},"end":{"line":146,"column":12}},"146":{"start":{"line":147,"column":0},"end":{"line":147,"column":57}},"147":{"start":{"line":148,"column":0},"end":{"line":148,"column":19}},"148":{"start":{"line":149,"column":0},"end":{"line":149,"column":46}},"149":{"start":{"line":150,"column":0},"end":{"line":150,"column":44}},"150":{"start":{"line":151,"column":0},"end":{"line":151,"column":40}},"151":{"start":{"line":152,"column":0},"end":{"line":152,"column":55}},"152":{"start":{"line":153,"column":0},"end":{"line":153,"column":9}},"154":{"start":{"line":155,"column":0},"end":{"line":155,"column":21}},"155":{"start":{"line":156,"column":0},"end":{"line":156,"column":12}},"157":{"start":{"line":158,"column":0},"end":{"line":158,"column":3}},"160":{"start":{"line":161,"column":0},"end":{"line":161,"column":28}},"161":{"start":{"line":162,"column":0},"end":{"line":162,"column":12}},"162":{"start":{"line":163,"column":0},"end":{"line":163,"column":57}},"163":{"start":{"line":164,"column":0},"end":{"line":164,"column":19}},"164":{"start":{"line":165,"column":0},"end":{"line":165,"column":34}},"165":{"start":{"line":166,"column":0},"end":{"line":166,"column":34}},"166":{"start":{"line":167,"column":0},"end":{"line":167,"column":55}},"167":{"start":{"line":168,"column":0},"end":{"line":168,"column":9}},"169":{"start":{"line":170,"column":0},"end":{"line":170,"column":21}},"170":{"start":{"line":171,"column":0},"end":{"line":171,"column":12}},"172":{"start":{"line":173,"column":0},"end":{"line":173,"column":3}},"174":{"start":{"line":175,"column":0},"end":{"line":175,"column":10}},"175":{"start":{"line":176,"column":0},"end":{"line":176,"column":8}},"176":{"start":{"line":177,"column":0},"end":{"line":177,"column":51}},"177":{"start":{"line":178,"column":0},"end":{"line":178,"column":27}},"178":{"start":{"line":179,"column":0},"end":{"line":179,"column":14}},"179":{"start":{"line":180,"column":0},"end":{"line":180,"column":43}},"180":{"start":{"line":181,"column":0},"end":{"line":181,"column":40}},"181":{"start":{"line":182,"column":0},"end":{"line":182,"column":8}},"183":{"start":{"line":184,"column":0},"end":{"line":184,"column":35}},"184":{"start":{"line":185,"column":0},"end":{"line":185,"column":19}},"185":{"start":{"line":186,"column":0},"end":{"line":186,"column":60}},"186":{"start":{"line":187,"column":0},"end":{"line":187,"column":41}},"187":{"start":{"line":188,"column":0},"end":{"line":188,"column":40}},"188":{"start":{"line":189,"column":0},"end":{"line":189,"column":39}},"189":{"start":{"line":190,"column":0},"end":{"line":190,"column":23}},"190":{"start":{"line":191,"column":0},"end":{"line":191,"column":64}},"191":{"start":{"line":192,"column":0},"end":{"line":192,"column":29}},"192":{"start":{"line":193,"column":0},"end":{"line":193,"column":12}},"193":{"start":{"line":194,"column":0},"end":{"line":194,"column":38}},"195":{"start":{"line":196,"column":0},"end":{"line":196,"column":39}},"196":{"start":{"line":197,"column":0},"end":{"line":197,"column":23}},"197":{"start":{"line":198,"column":0},"end":{"line":198,"column":52}},"198":{"start":{"line":199,"column":0},"end":{"line":199,"column":25}},"199":{"start":{"line":200,"column":0},"end":{"line":200,"column":33}},"200":{"start":{"line":201,"column":0},"end":{"line":201,"column":14}},"201":{"start":{"line":202,"column":0},"end":{"line":202,"column":13}},"202":{"start":{"line":203,"column":0},"end":{"line":203,"column":21}},"203":{"start":{"line":204,"column":0},"end":{"line":204,"column":24}},"206":{"start":{"line":207,"column":0},"end":{"line":207,"column":41}},"207":{"start":{"line":208,"column":0},"end":{"line":208,"column":83}},"208":{"start":{"line":209,"column":0},"end":{"line":209,"column":74}},"209":{"start":{"line":210,"column":0},"end":{"line":210,"column":31}},"210":{"start":{"line":211,"column":0},"end":{"line":211,"column":58}},"212":{"start":{"line":213,"column":0},"end":{"line":213,"column":14}},"214":{"start":{"line":215,"column":0},"end":{"line":215,"column":10}},"216":{"start":{"line":217,"column":0},"end":{"line":217,"column":2}},"229":{"start":{"line":230,"column":0},"end":{"line":230,"column":71}},"230":{"start":{"line":231,"column":0},"end":{"line":231,"column":30}},"231":{"start":{"line":232,"column":0},"end":{"line":232,"column":28}},"232":{"start":{"line":233,"column":0},"end":{"line":233,"column":22}},"233":{"start":{"line":234,"column":0},"end":{"line":234,"column":16}},"234":{"start":{"line":235,"column":0},"end":{"line":235,"column":44}},"235":{"start":{"line":236,"column":0},"end":{"line":236,"column":28}},"236":{"start":{"line":237,"column":0},"end":{"line":237,"column":10}},"237":{"start":{"line":238,"column":0},"end":{"line":238,"column":21}},"238":{"start":{"line":239,"column":0},"end":{"line":239,"column":16}},"239":{"start":{"line":240,"column":0},"end":{"line":240,"column":42}},"240":{"start":{"line":241,"column":0},"end":{"line":241,"column":26}},"241":{"start":{"line":242,"column":0},"end":{"line":242,"column":28}},"242":{"start":{"line":243,"column":0},"end":{"line":243,"column":10}},"243":{"start":{"line":244,"column":0},"end":{"line":244,"column":18}},"244":{"start":{"line":245,"column":0},"end":{"line":245,"column":16}},"245":{"start":{"line":246,"column":0},"end":{"line":246,"column":44}},"246":{"start":{"line":247,"column":0},"end":{"line":247,"column":28}},"247":{"start":{"line":248,"column":0},"end":{"line":248,"column":10}},"248":{"start":{"line":249,"column":0},"end":{"line":249,"column":14}},"249":{"start":{"line":250,"column":0},"end":{"line":250,"column":18}},"250":{"start":{"line":251,"column":0},"end":{"line":251,"column":5}},"251":{"start":{"line":252,"column":0},"end":{"line":252,"column":4}},"253":{"start":{"line":254,"column":0},"end":{"line":254,"column":10}},"254":{"start":{"line":255,"column":0},"end":{"line":255,"column":15}},"255":{"start":{"line":256,"column":0},"end":{"line":256,"column":12}},"256":{"start":{"line":257,"column":0},"end":{"line":257,"column":43}},"257":{"start":{"line":258,"column":0},"end":{"line":258,"column":16}},"258":{"start":{"line":259,"column":0},"end":{"line":259,"column":19}},"259":{"start":{"line":260,"column":0},"end":{"line":260,"column":17}},"260":{"start":{"line":261,"column":0},"end":{"line":261,"column":25}},"261":{"start":{"line":262,"column":0},"end":{"line":262,"column":8}},"262":{"start":{"line":263,"column":0},"end":{"line":263,"column":40}},"263":{"start":{"line":264,"column":0},"end":{"line":264,"column":19}},"264":{"start":{"line":265,"column":0},"end":{"line":265,"column":60}},"265":{"start":{"line":266,"column":0},"end":{"line":266,"column":25}},"266":{"start":{"line":267,"column":0},"end":{"line":267,"column":8}},"267":{"start":{"line":268,"column":0},"end":{"line":268,"column":22}},"268":{"start":{"line":269,"column":0},"end":{"line":269,"column":22}},"269":{"start":{"line":270,"column":0},"end":{"line":270,"column":22}},"270":{"start":{"line":271,"column":0},"end":{"line":271,"column":15}},"271":{"start":{"line":272,"column":0},"end":{"line":272,"column":15}},"272":{"start":{"line":273,"column":0},"end":{"line":273,"column":25}},"273":{"start":{"line":274,"column":0},"end":{"line":274,"column":23}},"274":{"start":{"line":275,"column":0},"end":{"line":275,"column":9}},"275":{"start":{"line":276,"column":0},"end":{"line":276,"column":84}},"276":{"start":{"line":277,"column":0},"end":{"line":277,"column":56}},"277":{"start":{"line":278,"column":0},"end":{"line":278,"column":52}},"278":{"start":{"line":279,"column":0},"end":{"line":279,"column":9}},"279":{"start":{"line":280,"column":0},"end":{"line":280,"column":8}},"280":{"start":{"line":281,"column":0},"end":{"line":281,"column":14}},"281":{"start":{"line":282,"column":0},"end":{"line":282,"column":53}},"282":{"start":{"line":283,"column":0},"end":{"line":283,"column":26}},"283":{"start":{"line":284,"column":0},"end":{"line":284,"column":24}},"284":{"start":{"line":285,"column":0},"end":{"line":285,"column":25}},"285":{"start":{"line":286,"column":0},"end":{"line":286,"column":31}},"286":{"start":{"line":287,"column":0},"end":{"line":287,"column":8}},"288":{"start":{"line":289,"column":0},"end":{"line":289,"column":23}},"289":{"start":{"line":290,"column":0},"end":{"line":290,"column":17}},"291":{"start":{"line":292,"column":0},"end":{"line":292,"column":2}}},"s":{"2":1,"3":1,"4":1,"6":1,"19":1,"20":24,"21":24,"22":24,"23":24,"25":24,"26":24,"29":24,"30":21,"32":7,"35":11,"36":12,"37":12,"38":7,"39":7,"40":12,"43":0,"44":0,"45":0,"48":0,"49":24,"52":24,"53":20,"54":1,"55":0,"56":0,"57":1,"59":1,"60":1,"61":24,"64":24,"65":21,"67":7,"68":7,"71":21,"72":4,"73":4,"74":4,"75":4,"76":4,"77":4,"78":4,"79":4,"80":4,"81":4,"84":21,"85":7,"86":7,"87":7,"88":7,"89":7,"90":7,"91":7,"94":21,"95":5,"96":5,"97":5,"98":5,"99":5,"100":5,"101":5,"102":5,"103":5,"104":5,"106":7,"107":24,"110":24,"111":1,"113":1,"114":1,"116":1,"117":1,"118":1,"119":1,"120":1,"121":1,"122":1,"123":1,"125":1,"126":1,"129":24,"130":15,"131":15,"132":15,"133":15,"134":15,"135":15,"136":15,"138":15,"139":15,"141":15,"144":24,"145":2,"146":2,"147":2,"148":2,"149":2,"150":2,"151":2,"152":2,"154":2,"155":2,"157":2,"160":11,"161":1,"162":1,"163":1,"164":1,"165":1,"166":1,"167":1,"169":1,"170":1,"172":1,"174":6,"175":6,"176":6,"177":6,"178":6,"179":6,"180":6,"181":6,"183":6,"184":6,"185":6,"186":6,"187":6,"188":6,"189":6,"190":6,"191":6,"192":6,"193":6,"195":6,"196":15,"197":15,"198":15,"199":15,"200":15,"201":6,"202":6,"203":6,"206":6,"207":6,"208":6,"209":6,"210":1,"212":6,"214":24,"216":24,"229":1,"230":9,"231":9,"232":9,"233":2,"234":2,"235":2,"236":2,"237":9,"238":4,"239":4,"240":4,"241":4,"242":4,"243":9,"244":3,"245":3,"246":3,"247":3,"248":9,"249":0,"250":9,"251":9,"253":9,"254":9,"255":9,"256":9,"257":9,"258":9,"259":9,"260":9,"261":9,"262":9,"263":9,"264":9,"265":9,"266":9,"267":9,"268":9,"269":9,"270":9,"271":9,"272":9,"273":9,"274":9,"275":9,"276":9,"277":9,"278":9,"279":9,"280":9,"281":9,"282":9,"283":9,"284":9,"285":9,"286":9,"288":9,"289":9,"291":9},"branchMap":{"0":{"type":"branch","line":20,"loc":{"start":{"line":20,"column":59},"end":{"line":217,"column":2}},"locations":[{"start":{"line":20,"column":59},"end":{"line":217,"column":2}}]},"1":{"type":"branch","line":130,"loc":{"start":{"line":130,"column":15},"end":{"line":142,"column":3}},"locations":[{"start":{"line":130,"column":15},"end":{"line":142,"column":3}}]},"2":{"type":"branch","line":142,"loc":{"start":{"line":142,"column":2},"end":{"line":145,"column":71}},"locations":[{"start":{"line":142,"column":2},"end":{"line":145,"column":71}}]},"3":{"type":"branch","line":142,"loc":{"start":{"line":142,"column":2},"end":{"line":145,"column":43}},"locations":[{"start":{"line":142,"column":2},"end":{"line":145,"column":43}}]},"4":{"type":"branch","line":145,"loc":{"start":{"line":145,"column":25},"end":{"line":145,"column":71}},"locations":[{"start":{"line":145,"column":25},"end":{"line":145,"column":71}}]},"5":{"type":"branch","line":145,"loc":{"start":{"line":145,"column":71},"end":{"line":207,"column":41}},"locations":[{"start":{"line":145,"column":71},"end":{"line":207,"column":41}}]},"6":{"type":"branch","line":145,"loc":{"start":{"line":145,"column":71},"end":{"line":158,"column":3}},"locations":[{"start":{"line":145,"column":71},"end":{"line":158,"column":3}}]},"7":{"type":"branch","line":158,"loc":{"start":{"line":158,"column":2},"end":{"line":161,"column":27}},"locations":[{"start":{"line":158,"column":2},"end":{"line":161,"column":27}}]},"8":{"type":"branch","line":161,"loc":{"start":{"line":161,"column":27},"end":{"line":173,"column":3}},"locations":[{"start":{"line":161,"column":27},"end":{"line":173,"column":3}}]},"9":{"type":"branch","line":173,"loc":{"start":{"line":173,"column":2},"end":{"line":207,"column":41}},"locations":[{"start":{"line":173,"column":2},"end":{"line":207,"column":41}}]},"10":{"type":"branch","line":207,"loc":{"start":{"line":207,"column":33},"end":{"line":213,"column":14}},"locations":[{"start":{"line":207,"column":33},"end":{"line":213,"column":14}}]},"11":{"type":"branch","line":210,"loc":{"start":{"line":210,"column":11},"end":{"line":211,"column":58}},"locations":[{"start":{"line":210,"column":11},"end":{"line":211,"column":58}}]},"12":{"type":"branch","line":30,"loc":{"start":{"line":30,"column":36},"end":{"line":50,"column":5}},"locations":[{"start":{"line":30,"column":36},"end":{"line":50,"column":5}}]},"13":{"type":"branch","line":31,"loc":{"start":{"line":31,"column":9},"end":{"line":31,"column":24}},"locations":[{"start":{"line":31,"column":9},"end":{"line":31,"column":24}}]},"14":{"type":"branch","line":31,"loc":{"start":{"line":31,"column":32},"end":{"line":31,"column":42}},"locations":[{"start":{"line":31,"column":32},"end":{"line":31,"column":42}}]},"15":{"type":"branch","line":31,"loc":{"start":{"line":31,"column":39},"end":{"line":49,"column":36}},"locations":[{"start":{"line":31,"column":39},"end":{"line":49,"column":36}}]},"16":{"type":"branch","line":31,"loc":{"start":{"line":31,"column":39},"end":{"line":36,"column":51}},"locations":[{"start":{"line":31,"column":39},"end":{"line":36,"column":51}}]},"17":{"type":"branch","line":36,"loc":{"start":{"line":36,"column":51},"end":{"line":41,"column":5}},"locations":[{"start":{"line":36,"column":51},"end":{"line":41,"column":5}}]},"18":{"type":"branch","line":38,"loc":{"start":{"line":38,"column":75},"end":{"line":40,"column":7}},"locations":[{"start":{"line":38,"column":75},"end":{"line":40,"column":7}}]},"19":{"type":"branch","line":41,"loc":{"start":{"line":41,"column":4},"end":{"line":49,"column":36}},"locations":[{"start":{"line":41,"column":4},"end":{"line":49,"column":36}}]},"20":{"type":"branch","line":53,"loc":{"start":{"line":53,"column":12},"end":{"line":62,"column":5}},"locations":[{"start":{"line":53,"column":12},"end":{"line":62,"column":5}}]},"21":{"type":"branch","line":54,"loc":{"start":{"line":54,"column":25},"end":{"line":61,"column":5}},"locations":[{"start":{"line":54,"column":25},"end":{"line":61,"column":5}}]},"22":{"type":"branch","line":60,"loc":{"start":{"line":60,"column":13},"end":{"line":60,"column":39}},"locations":[{"start":{"line":60,"column":13},"end":{"line":60,"column":39}}]},"23":{"type":"branch","line":65,"loc":{"start":{"line":65,"column":31},"end":{"line":108,"column":5}},"locations":[{"start":{"line":65,"column":31},"end":{"line":108,"column":5}}]},"24":{"type":"branch","line":66,"loc":{"start":{"line":66,"column":9},"end":{"line":66,"column":24}},"locations":[{"start":{"line":66,"column":9},"end":{"line":66,"column":24}}]},"25":{"type":"branch","line":66,"loc":{"start":{"line":66,"column":32},"end":{"line":66,"column":42}},"locations":[{"start":{"line":66,"column":32},"end":{"line":66,"column":42}}]},"26":{"type":"branch","line":66,"loc":{"start":{"line":66,"column":40},"end":{"line":72,"column":65}},"locations":[{"start":{"line":66,"column":40},"end":{"line":72,"column":65}}]},"27":{"type":"branch","line":66,"loc":{"start":{"line":66,"column":40},"end":{"line":72,"column":45}},"locations":[{"start":{"line":66,"column":40},"end":{"line":72,"column":45}}]},"28":{"type":"branch","line":72,"loc":{"start":{"line":72,"column":25},"end":{"line":72,"column":65}},"locations":[{"start":{"line":72,"column":25},"end":{"line":72,"column":65}}]},"29":{"type":"branch","line":72,"loc":{"start":{"line":72,"column":65},"end":{"line":85,"column":70}},"locations":[{"start":{"line":72,"column":65},"end":{"line":85,"column":70}}]},"30":{"type":"branch","line":72,"loc":{"start":{"line":72,"column":65},"end":{"line":82,"column":5}},"locations":[{"start":{"line":72,"column":65},"end":{"line":82,"column":5}}]},"31":{"type":"branch","line":82,"loc":{"start":{"line":82,"column":4},"end":{"line":85,"column":70}},"locations":[{"start":{"line":82,"column":4},"end":{"line":85,"column":70}}]},"32":{"type":"branch","line":85,"loc":{"start":{"line":85,"column":70},"end":{"line":95,"column":84}},"locations":[{"start":{"line":85,"column":70},"end":{"line":95,"column":84}}]},"33":{"type":"branch","line":85,"loc":{"start":{"line":85,"column":70},"end":{"line":95,"column":41}},"locations":[{"start":{"line":85,"column":70},"end":{"line":95,"column":41}}]},"34":{"type":"branch","line":95,"loc":{"start":{"line":95,"column":25},"end":{"line":95,"column":84}},"locations":[{"start":{"line":95,"column":25},"end":{"line":95,"column":84}}]},"35":{"type":"branch","line":95,"loc":{"start":{"line":95,"column":84},"end":{"line":107,"column":17}},"locations":[{"start":{"line":95,"column":84},"end":{"line":107,"column":17}}]},"36":{"type":"branch","line":95,"loc":{"start":{"line":95,"column":84},"end":{"line":105,"column":5}},"locations":[{"start":{"line":95,"column":84},"end":{"line":105,"column":5}}]},"37":{"type":"branch","line":105,"loc":{"start":{"line":105,"column":4},"end":{"line":107,"column":17}},"locations":[{"start":{"line":105,"column":4},"end":{"line":107,"column":17}}]},"38":{"type":"branch","line":111,"loc":{"start":{"line":111,"column":22},"end":{"line":127,"column":4}},"locations":[{"start":{"line":111,"column":22},"end":{"line":127,"column":4}}]},"39":{"type":"branch","line":112,"loc":{"start":{"line":112,"column":32},"end":{"line":112,"column":39}},"locations":[{"start":{"line":112,"column":32},"end":{"line":112,"column":39}}]},"40":{"type":"branch","line":117,"loc":{"start":{"line":117,"column":37},"end":{"line":117,"column":44}},"locations":[{"start":{"line":117,"column":37},"end":{"line":117,"column":44}}]},"41":{"type":"branch","line":196,"loc":{"start":{"line":196,"column":28},"end":{"line":201,"column":14}},"locations":[{"start":{"line":196,"column":28},"end":{"line":201,"column":14}}]},"42":{"type":"branch","line":230,"loc":{"start":{"line":230,"column":46},"end":{"line":292,"column":2}},"locations":[{"start":{"line":230,"column":46},"end":{"line":292,"column":2}}]},"43":{"type":"branch","line":231,"loc":{"start":{"line":231,"column":23},"end":{"line":252,"column":4}},"locations":[{"start":{"line":231,"column":23},"end":{"line":252,"column":4}}]},"44":{"type":"branch","line":233,"loc":{"start":{"line":233,"column":6},"end":{"line":237,"column":10}},"locations":[{"start":{"line":233,"column":6},"end":{"line":237,"column":10}}]},"45":{"type":"branch","line":238,"loc":{"start":{"line":238,"column":6},"end":{"line":243,"column":10}},"locations":[{"start":{"line":238,"column":6},"end":{"line":243,"column":10}}]},"46":{"type":"branch","line":244,"loc":{"start":{"line":244,"column":6},"end":{"line":248,"column":10}},"locations":[{"start":{"line":244,"column":6},"end":{"line":248,"column":10}}]},"47":{"type":"branch","line":249,"loc":{"start":{"line":249,"column":6},"end":{"line":250,"column":18}},"locations":[{"start":{"line":249,"column":6},"end":{"line":250,"column":18}}]}},"b":{"0":[24],"1":[15],"2":[11],"3":[9],"4":[8],"5":[11],"6":[2],"7":[7],"8":[1],"9":[6],"10":[6],"11":[1],"12":[21],"13":[9],"14":[14],"15":[11],"16":[7],"17":[12],"18":[7],"19":[0],"20":[20],"21":[1],"22":[1],"23":[21],"24":[9],"25":[14],"26":[11],"27":[7],"28":[5],"29":[11],"30":[4],"31":[7],"32":[11],"33":[7],"34":[5],"35":[11],"36":[5],"37":[7],"38":[1],"39":[0],"40":[0],"41":[15],"42":[9],"43":[9],"44":[2],"45":[4],"46":[3],"47":[0]},"fnMap":{"0":{"name":"LyricsDisplay","decl":{"start":{"line":20,"column":59},"end":{"line":217,"column":2}},"loc":{"start":{"line":20,"column":59},"end":{"line":217,"column":2}},"line":20},"1":{"name":"handleWheel","decl":{"start":{"line":111,"column":22},"end":{"line":127,"column":4}},"loc":{"start":{"line":111,"column":22},"end":{"line":127,"column":4}},"line":111},"2":{"name":"LyricsLine","decl":{"start":{"line":230,"column":46},"end":{"line":292,"column":2}},"loc":{"start":{"line":230,"column":46},"end":{"line":292,"column":2}},"line":230},"3":{"name":"getTextStyle","decl":{"start":{"line":231,"column":23},"end":{"line":252,"column":4}},"loc":{"start":{"line":231,"column":23},"end":{"line":252,"column":4}},"line":231}},"f":{"0":24,"1":1,"2":9,"3":9}}
,"C:\\Users\\letic\\pimp\\letraspip-tauri\\src\\components\\TrackInfo.tsx": {"path":"C:\\Users\\letic\\pimp\\letraspip-tauri\\src\\components\\TrackInfo.tsx","all":false,"statementMap":{"3":{"start":{"line":4,"column":0},"end":{"line":4,"column":39}},"4":{"start":{"line":5,"column":0},"end":{"line":5,"column":73}},"5":{"start":{"line":6,"column":0},"end":{"line":6,"column":92}},"6":{"start":{"line":7,"column":0},"end":{"line":7,"column":53}},"7":{"start":{"line":8,"column":0},"end":{"line":8,"column":28}},"14":{"start":{"line":15,"column":0},"end":{"line":15,"column":88}},"15":{"start":{"line":16,"column":0},"end":{"line":16,"column":55}},"16":{"start":{"line":17,"column":0},"end":{"line":17,"column":49}},"17":{"start":{"line":18,"column":0},"end":{"line":18,"column":47}},"18":{"start":{"line":19,"column":0},"end":{"line":19,"column":59}},"21":{"start":{"line":22,"column":0},"end":{"line":22,"column":38}},"22":{"start":{"line":23,"column":0},"end":{"line":23,"column":47}},"23":{"start":{"line":24,"column":0},"end":{"line":24,"column":50}},"24":{"start":{"line":25,"column":0},"end":{"line":25,"column":38}},"25":{"start":{"line":26,"column":0},"end":{"line":26,"column":63}},"26":{"start":{"line":27,"column":0},"end":{"line":27,"column":4}},"29":{"start":{"line":30,"column":0},"end":{"line":30,"column":38}},"30":{"start":{"line":31,"column":0},"end":{"line":31,"column":49}},"31":{"start":{"line":32,"column":0},"end":{"line":32,"column":8}},"33":{"start":{"line":34,"column":0},"end":{"line":34,"column":22}},"34":{"start":{"line":35,"column":0},"end":{"line":35,"column":12}},"35":{"start":{"line":36,"column":0},"end":{"line":36,"column":53}},"36":{"start":{"line":37,"column":0},"end":{"line":37,"column":19}},"37":{"start":{"line":38,"column":0},"end":{"line":38,"column":41}},"38":{"start":{"line":39,"column":0},"end":{"line":39,"column":40}},"39":{"start":{"line":40,"column":0},"end":{"line":40,"column":58}},"41":{"start":{"line":42,"column":0},"end":{"line":42,"column":58}},"42":{"start":{"line":43,"column":0},"end":{"line":43,"column":65}},"43":{"start":{"line":44,"column":0},"end":{"line":44,"column":21}},"44":{"start":{"line":45,"column":0},"end":{"line":45,"column":12}},"46":{"start":{"line":47,"column":0},"end":{"line":47,"column":3}},"48":{"start":{"line":49,"column":0},"end":{"line":49,"column":16}},"49":{"start":{"line":50,"column":0},"end":{"line":50,"column":12}},"50":{"start":{"line":51,"column":0},"end":{"line":51,"column":17}},"51":{"start":{"line":52,"column":0},"end":{"line":52,"column":14}},"52":{"start":{"line":53,"column":0},"end":{"line":53,"column":57}},"53":{"start":{"line":54,"column":0},"end":{"line":54,"column":44}},"54":{"start":{"line":55,"column":0},"end":{"line":55,"column":42}},"55":{"start":{"line":56,"column":0},"end":{"line":56,"column":41}},"57":{"start":{"line":58,"column":0},"end":{"line":58,"column":53}},"58":{"start":{"line":59,"column":0},"end":{"line":59,"column":74}},"59":{"start":{"line":60,"column":0},"end":{"line":60,"column":42}},"60":{"start":{"line":61,"column":0},"end":{"line":61,"column":67}},"61":{"start":{"line":62,"column":0},"end":{"line":62,"column":33}},"62":{"start":{"line":63,"column":0},"end":{"line":63,"column":16}},"63":{"start":{"line":64,"column":0},"end":{"line":64,"column":58}},"64":{"start":{"line":65,"column":0},"end":{"line":65,"column":35}},"65":{"start":{"line":66,"column":0},"end":{"line":66,"column":16}},"66":{"start":{"line":67,"column":0},"end":{"line":67,"column":16}},"67":{"start":{"line":68,"column":0},"end":{"line":68,"column":67}},"68":{"start":{"line":69,"column":0},"end":{"line":69,"column":14}},"69":{"start":{"line":70,"column":0},"end":{"line":70,"column":19}},"71":{"start":{"line":72,"column":0},"end":{"line":72,"column":3}},"73":{"start":{"line":74,"column":0},"end":{"line":74,"column":10}},"74":{"start":{"line":75,"column":0},"end":{"line":75,"column":15}},"75":{"start":{"line":76,"column":0},"end":{"line":76,"column":12}},"76":{"start":{"line":77,"column":0},"end":{"line":77,"column":47}},"77":{"start":{"line":78,"column":0},"end":{"line":78,"column":37}},"78":{"start":{"line":79,"column":0},"end":{"line":79,"column":36}},"79":{"start":{"line":80,"column":0},"end":{"line":80,"column":35}},"82":{"start":{"line":83,"column":0},"end":{"line":83,"column":56}},"83":{"start":{"line":84,"column":0},"end":{"line":84,"column":72}},"85":{"start":{"line":86,"column":0},"end":{"line":86,"column":40}},"86":{"start":{"line":87,"column":0},"end":{"line":87,"column":73}},"87":{"start":{"line":88,"column":0},"end":{"line":88,"column":31}},"88":{"start":{"line":89,"column":0},"end":{"line":89,"column":15}},"89":{"start":{"line":90,"column":0},"end":{"line":90,"column":61}},"90":{"start":{"line":91,"column":0},"end":{"line":91,"column":33}},"91":{"start":{"line":92,"column":0},"end":{"line":92,"column":14}},"92":{"start":{"line":93,"column":0},"end":{"line":93,"column":56}},"93":{"start":{"line":94,"column":0},"end":{"line":94,"column":37}},"94":{"start":{"line":95,"column":0},"end":{"line":95,"column":14}},"95":{"start":{"line":96,"column":0},"end":{"line":96,"column":14}},"97":{"start":{"line":98,"column":0},"end":{"line":98,"column":53}},"98":{"start":{"line":99,"column":0},"end":{"line":99,"column":67}},"99":{"start":{"line":100,"column":0},"end":{"line":100,"column":45}},"100":{"start":{"line":101,"column":0},"end":{"line":101,"column":60}},"102":{"start":{"line":103,"column":0},"end":{"line":103,"column":14}},"103":{"start":{"line":104,"column":0},"end":{"line":104,"column":12}},"106":{"start":{"line":107,"column":0},"end":{"line":107,"column":28}},"107":{"start":{"line":108,"column":0},"end":{"line":108,"column":73}},"108":{"start":{"line":109,"column":0},"end":{"line":109,"column":45}},"109":{"start":{"line":110,"column":0},"end":{"line":110,"column":61}},"110":{"start":{"line":111,"column":0},"end":{"line":111,"column":14}},"111":{"start":{"line":112,"column":0},"end":{"line":112,"column":61}},"112":{"start":{"line":113,"column":0},"end":{"line":113,"column":21}},"113":{"start":{"line":114,"column":0},"end":{"line":114,"column":49}},"114":{"start":{"line":115,"column":0},"end":{"line":115,"column":34}},"115":{"start":{"line":116,"column":0},"end":{"line":116,"column":54}},"116":{"start":{"line":117,"column":0},"end":{"line":117,"column":58}},"117":{"start":{"line":118,"column":0},"end":{"line":118,"column":12}},"118":{"start":{"line":119,"column":0},"end":{"line":119,"column":14}},"119":{"start":{"line":120,"column":0},"end":{"line":120,"column":12}},"122":{"start":{"line":123,"column":0},"end":{"line":123,"column":53}},"123":{"start":{"line":124,"column":0},"end":{"line":124,"column":22}},"124":{"start":{"line":125,"column":0},"end":{"line":125,"column":25}},"125":{"start":{"line":126,"column":0},"end":{"line":126,"column":44}},"126":{"start":{"line":127,"column":0},"end":{"line":127,"column":33}},"127":{"start":{"line":128,"column":0},"end":{"line":128,"column":10}},"128":{"start":{"line":129,"column":0},"end":{"line":129,"column":22}},"129":{"start":{"line":130,"column":0},"end":{"line":130,"column":55}},"130":{"start":{"line":131,"column":0},"end":{"line":131,"column":28}},"131":{"start":{"line":132,"column":0},"end":{"line":132,"column":62}},"132":{"start":{"line":133,"column":0},"end":{"line":133,"column":18}},"133":{"start":{"line":134,"column":0},"end":{"line":134,"column":10}},"134":{"start":{"line":135,"column":0},"end":{"line":135,"column":22}},"135":{"start":{"line":136,"column":0},"end":{"line":136,"column":28}},"136":{"start":{"line":137,"column":0},"end":{"line":137,"column":43}},"137":{"start":{"line":138,"column":0},"end":{"line":138,"column":33}},"138":{"start":{"line":139,"column":0},"end":{"line":139,"column":10}},"139":{"start":{"line":140,"column":0},"end":{"line":140,"column":12}},"142":{"start":{"line":143,"column":0},"end":{"line":143,"column":41}},"143":{"start":{"line":144,"column":0},"end":{"line":144,"column":22}},"144":{"start":{"line":145,"column":0},"end":{"line":145,"column":46}},"145":{"start":{"line":146,"column":0},"end":{"line":146,"column":44}},"146":{"start":{"line":147,"column":0},"end":{"line":147,"column":38}},"147":{"start":{"line":148,"column":0},"end":{"line":148,"column":36}},"148":{"start":{"line":149,"column":0},"end":{"line":149,"column":31}},"149":{"start":{"line":150,"column":0},"end":{"line":150,"column":83}},"150":{"start":{"line":151,"column":0},"end":{"line":151,"column":9}},"152":{"start":{"line":153,"column":0},"end":{"line":153,"column":24}},"154":{"start":{"line":155,"column":0},"end":{"line":155,"column":17}},"156":{"start":{"line":157,"column":0},"end":{"line":157,"column":2}},"163":{"start":{"line":164,"column":0},"end":{"line":164,"column":64}},"164":{"start":{"line":165,"column":0},"end":{"line":165,"column":23}},"165":{"start":{"line":166,"column":0},"end":{"line":166,"column":18}},"166":{"start":{"line":167,"column":0},"end":{"line":167,"column":20}},"167":{"start":{"line":168,"column":0},"end":{"line":168,"column":4}},"169":{"start":{"line":170,"column":0},"end":{"line":170,"column":10}},"170":{"start":{"line":171,"column":0},"end":{"line":171,"column":8}},"171":{"start":{"line":172,"column":0},"end":{"line":172,"column":22}},"172":{"start":{"line":173,"column":0},"end":{"line":173,"column":63}},"173":{"start":{"line":174,"column":0},"end":{"line":174,"column":25}},"174":{"start":{"line":175,"column":0},"end":{"line":175,"column":8}},"176":{"start":{"line":177,"column":0},"end":{"line":177,"column":16}},"177":{"start":{"line":178,"column":0},"end":{"line":178,"column":12}},"178":{"start":{"line":179,"column":0},"end":{"line":179,"column":21}},"179":{"start":{"line":180,"column":0},"end":{"line":180,"column":25}},"180":{"start":{"line":181,"column":0},"end":{"line":181,"column":48}},"181":{"start":{"line":182,"column":0},"end":{"line":182,"column":24}},"182":{"start":{"line":183,"column":0},"end":{"line":183,"column":10}},"184":{"start":{"line":185,"column":0},"end":{"line":185,"column":72}},"185":{"start":{"line":186,"column":0},"end":{"line":186,"column":33}},"186":{"start":{"line":187,"column":0},"end":{"line":187,"column":28}},"187":{"start":{"line":188,"column":0},"end":{"line":188,"column":49}},"188":{"start":{"line":189,"column":0},"end":{"line":189,"column":15}},"189":{"start":{"line":190,"column":0},"end":{"line":190,"column":14}},"191":{"start":{"line":192,"column":0},"end":{"line":192,"column":10}},"193":{"start":{"line":194,"column":0},"end":{"line":194,"column":2}},"199":{"start":{"line":200,"column":0},"end":{"line":200,"column":80}},"200":{"start":{"line":201,"column":0},"end":{"line":201,"column":10}},"201":{"start":{"line":202,"column":0},"end":{"line":202,"column":15}},"202":{"start":{"line":203,"column":0},"end":{"line":203,"column":16}},"203":{"start":{"line":204,"column":0},"end":{"line":204,"column":43}},"204":{"start":{"line":205,"column":0},"end":{"line":205,"column":37}},"205":{"start":{"line":206,"column":0},"end":{"line":206,"column":8}},"206":{"start":{"line":207,"column":0},"end":{"line":207,"column":19}},"207":{"start":{"line":208,"column":0},"end":{"line":208,"column":51}},"208":{"start":{"line":209,"column":0},"end":{"line":209,"column":35}},"209":{"start":{"line":210,"column":0},"end":{"line":210,"column":8}},"210":{"start":{"line":211,"column":0},"end":{"line":211,"column":50}},"212":{"start":{"line":213,"column":0},"end":{"line":213,"column":20}},"213":{"start":{"line":214,"column":0},"end":{"line":214,"column":64}},"215":{"start":{"line":216,"column":0},"end":{"line":216,"column":51}},"217":{"start":{"line":218,"column":0},"end":{"line":218,"column":17}},"219":{"start":{"line":220,"column":0},"end":{"line":220,"column":2}},"225":{"start":{"line":226,"column":0},"end":{"line":226,"column":65}},"226":{"start":{"line":227,"column":0},"end":{"line":227,"column":10}},"227":{"start":{"line":228,"column":0},"end":{"line":228,"column":15}},"228":{"start":{"line":229,"column":0},"end":{"line":229,"column":28}},"229":{"start":{"line":230,"column":0},"end":{"line":230,"column":28}},"230":{"start":{"line":231,"column":0},"end":{"line":231,"column":22}},"231":{"start":{"line":232,"column":0},"end":{"line":232,"column":51}},"232":{"start":{"line":233,"column":0},"end":{"line":233,"column":84}},"233":{"start":{"line":234,"column":0},"end":{"line":234,"column":8}},"235":{"start":{"line":236,"column":0},"end":{"line":236,"column":39}},"236":{"start":{"line":237,"column":0},"end":{"line":237,"column":17}},"238":{"start":{"line":239,"column":0},"end":{"line":239,"column":2}},"247":{"start":{"line":248,"column":0},"end":{"line":248,"column":54}},"248":{"start":{"line":249,"column":0},"end":{"line":249,"column":13}},"249":{"start":{"line":250,"column":0},"end":{"line":250,"column":10}},"250":{"start":{"line":251,"column":0},"end":{"line":251,"column":10}},"251":{"start":{"line":252,"column":0},"end":{"line":252,"column":19}},"252":{"start":{"line":253,"column":0},"end":{"line":253,"column":7}},"253":{"start":{"line":254,"column":0},"end":{"line":254,"column":10}},"254":{"start":{"line":255,"column":0},"end":{"line":255,"column":18}},"255":{"start":{"line":256,"column":0},"end":{"line":256,"column":48}},"256":{"start":{"line":257,"column":0},"end":{"line":257,"column":46}},"257":{"start":{"line":258,"column":0},"end":{"line":258,"column":23}},"258":{"start":{"line":259,"column":0},"end":{"line":259,"column":25}},"259":{"start":{"line":260,"column":0},"end":{"line":260,"column":22}},"260":{"start":{"line":261,"column":0},"end":{"line":261,"column":45}},"261":{"start":{"line":262,"column":0},"end":{"line":262,"column":16}},"262":{"start":{"line":263,"column":0},"end":{"line":263,"column":46}},"263":{"start":{"line":264,"column":0},"end":{"line":264,"column":62}},"264":{"start":{"line":265,"column":0},"end":{"line":265,"column":8}},"265":{"start":{"line":266,"column":0},"end":{"line":266,"column":21}},"267":{"start":{"line":268,"column":0},"end":{"line":268,"column":34}},"268":{"start":{"line":269,"column":0},"end":{"line":269,"column":20}},"270":{"start":{"line":271,"column":0},"end":{"line":271,"column":2}}},"s":{"3":1,"4":1,"5":1,"6":1,"7":1,"14":1,"15":25,"16":25,"17":25,"18":25,"21":25,"22":20,"23":20,"24":20,"25":20,"26":20,"29":25,"30":12,"31":13,"33":25,"34":13,"35":13,"36":13,"37":13,"38":13,"39":13,"41":13,"42":13,"43":13,"44":13,"46":13,"48":13,"49":2,"50":2,"51":2,"52":2,"53":2,"54":2,"55":2,"57":2,"58":2,"59":2,"60":2,"61":2,"62":2,"63":2,"64":2,"65":2,"66":2,"67":2,"68":2,"69":2,"71":2,"73":10,"74":10,"75":10,"76":10,"77":10,"78":10,"79":10,"82":10,"83":25,"85":25,"86":25,"87":25,"88":25,"89":25,"90":25,"91":25,"92":25,"93":25,"94":25,"95":25,"97":25,"98":25,"99":25,"100":3,"102":25,"103":25,"106":25,"107":25,"108":25,"109":25,"110":25,"111":25,"112":25,"113":25,"114":25,"115":25,"116":25,"117":25,"118":25,"119":25,"122":25,"123":25,"124":25,"125":25,"126":25,"127":25,"128":25,"129":25,"130":25,"131":25,"132":25,"133":25,"134":25,"135":25,"136":25,"137":25,"138":25,"139":25,"142":25,"143":3,"144":3,"145":3,"146":3,"147":3,"148":3,"149":3,"150":3,"152":3,"154":25,"156":25,"163":1,"164":12,"165":12,"166":12,"167":12,"169":12,"170":12,"171":12,"172":12,"173":12,"174":12,"176":12,"177":2,"178":2,"179":2,"180":2,"181":2,"182":2,"184":10,"185":10,"186":10,"187":10,"188":10,"189":10,"191":12,"193":12,"199":1,"200":12,"201":12,"202":12,"203":12,"204":12,"205":12,"206":12,"207":12,"208":12,"209":12,"210":12,"212":12,"213":11,"215":1,"217":12,"219":12,"225":1,"226":3,"227":3,"228":3,"229":3,"230":3,"231":3,"232":3,"233":3,"235":3,"236":3,"238":3,"247":1,"248":30,"249":30,"250":30,"251":30,"252":30,"253":30,"254":30,"255":30,"256":30,"257":30,"258":30,"259":30,"260":30,"261":30,"262":10,"263":20,"264":30,"265":30,"267":30,"268":30,"270":30},"branchMap":{"0":{"type":"branch","line":15,"loc":{"start":{"line":15,"column":51},"end":{"line":157,"column":2}},"locations":[{"start":{"line":15,"column":51},"end":{"line":157,"column":2}}]},"1":{"type":"branch","line":30,"loc":{"start":{"line":30,"column":26},"end":{"line":31,"column":49}},"locations":[{"start":{"line":30,"column":26},"end":{"line":31,"column":49}}]},"2":{"type":"branch","line":31,"loc":{"start":{"line":31,"column":46},"end":{"line":32,"column":8}},"locations":[{"start":{"line":31,"column":46},"end":{"line":32,"column":8}}]},"3":{"type":"branch","line":34,"loc":{"start":{"line":34,"column":21},"end":{"line":72,"column":3}},"locations":[{"start":{"line":34,"column":21},"end":{"line":72,"column":3}}]},"4":{"type":"branch","line":47,"loc":{"start":{"line":47,"column":2},"end":{"line":49,"column":15}},"locations":[{"start":{"line":47,"column":2},"end":{"line":49,"column":15}}]},"5":{"type":"branch","line":49,"loc":{"start":{"line":49,"column":15},"end":{"line":72,"column":3}},"locations":[{"start":{"line":49,"column":15},"end":{"line":72,"column":3}}]},"6":{"type":"branch","line":59,"loc":{"start":{"line":59,"column":54},"end":{"line":59,"column":62}},"locations":[{"start":{"line":59,"column":54},"end":{"line":59,"column":62}}]},"7":{"type":"branch","line":72,"loc":{"start":{"line":72,"column":2},"end":{"line":84,"column":60}},"locations":[{"start":{"line":72,"column":2},"end":{"line":84,"column":60}}]},"8":{"type":"branch","line":72,"loc":{"start":{"line":72,"column":2},"end":{"line":84,"column":55}},"locations":[{"start":{"line":72,"column":2},"end":{"line":84,"column":55}}]},"9":{"type":"branch","line":84,"loc":{"start":{"line":84,"column":52},"end":{"line":84,"column":60}},"locations":[{"start":{"line":84,"column":52},"end":{"line":84,"column":60}}]},"10":{"type":"branch","line":100,"loc":{"start":{"line":100,"column":39},"end":{"line":101,"column":60}},"locations":[{"start":{"line":100,"column":39},"end":{"line":101,"column":60}}]},"11":{"type":"branch","line":130,"loc":{"start":{"line":130,"column":29},"end":{"line":130,"column":50}},"locations":[{"start":{"line":130,"column":29},"end":{"line":130,"column":50}}]},"12":{"type":"branch","line":130,"loc":{"start":{"line":130,"column":42},"end":{"line":130,"column":55}},"locations":[{"start":{"line":130,"column":42},"end":{"line":130,"column":55}}]},"13":{"type":"branch","line":132,"loc":{"start":{"line":132,"column":32},"end":{"line":132,"column":55}},"locations":[{"start":{"line":132,"column":32},"end":{"line":132,"column":55}}]},"14":{"type":"branch","line":132,"loc":{"start":{"line":132,"column":45},"end":{"line":132,"column":62}},"locations":[{"start":{"line":132,"column":45},"end":{"line":132,"column":62}}]},"15":{"type":"branch","line":143,"loc":{"start":{"line":143,"column":35},"end":{"line":153,"column":24}},"locations":[{"start":{"line":143,"column":35},"end":{"line":153,"column":24}}]},"16":{"type":"branch","line":22,"loc":{"start":{"line":22,"column":21},"end":{"line":27,"column":4}},"locations":[{"start":{"line":22,"column":21},"end":{"line":27,"column":4}}]},"17":{"type":"branch","line":164,"loc":{"start":{"line":164,"column":42},"end":{"line":194,"column":2}},"locations":[{"start":{"line":164,"column":42},"end":{"line":194,"column":2}}]},"18":{"type":"branch","line":177,"loc":{"start":{"line":177,"column":7},"end":{"line":183,"column":10}},"locations":[{"start":{"line":177,"column":7},"end":{"line":183,"column":10}}]},"19":{"type":"branch","line":183,"loc":{"start":{"line":183,"column":8},"end":{"line":190,"column":14}},"locations":[{"start":{"line":183,"column":8},"end":{"line":190,"column":14}}]},"20":{"type":"branch","line":188,"loc":{"start":{"line":188,"column":21},"end":{"line":188,"column":40}},"locations":[{"start":{"line":188,"column":21},"end":{"line":188,"column":40}}]},"21":{"type":"branch","line":188,"loc":{"start":{"line":188,"column":28},"end":{"line":188,"column":49}},"locations":[{"start":{"line":188,"column":28},"end":{"line":188,"column":49}}]},"22":{"type":"branch","line":200,"loc":{"start":{"line":200,"column":60},"end":{"line":220,"column":2}},"locations":[{"start":{"line":200,"column":60},"end":{"line":220,"column":2}}]},"23":{"type":"branch","line":204,"loc":{"start":{"line":204,"column":15},"end":{"line":204,"column":41}},"locations":[{"start":{"line":204,"column":15},"end":{"line":204,"column":41}}]},"24":{"type":"branch","line":204,"loc":{"start":{"line":204,"column":37},"end":{"line":204,"column":43}},"locations":[{"start":{"line":204,"column":37},"end":{"line":204,"column":43}}]},"25":{"type":"branch","line":205,"loc":{"start":{"line":205,"column":17},"end":{"line":205,"column":33}},"locations":[{"start":{"line":205,"column":17},"end":{"line":205,"column":33}}]},"26":{"type":"branch","line":205,"loc":{"start":{"line":205,"column":29},"end":{"line":205,"column":37}},"locations":[{"start":{"line":205,"column":29},"end":{"line":205,"column":37}}]},"27":{"type":"branch","line":213,"loc":{"start":{"line":213,"column":7},"end":{"line":214,"column":64}},"locations":[{"start":{"line":213,"column":7},"end":{"line":214,"column":64}}]},"28":{"type":"branch","line":214,"loc":{"start":{"line":214,"column":62},"end":{"line":216,"column":51}},"locations":[{"start":{"line":214,"column":62},"end":{"line":216,"column":51}}]},"29":{"type":"branch","line":226,"loc":{"start":{"line":226,"column":48},"end":{"line":239,"column":2}},"locations":[{"start":{"line":226,"column":48},"end":{"line":239,"column":2}}]},"30":{"type":"branch","line":233,"loc":{"start":{"line":233,"column":17},"end":{"line":233,"column":56}},"locations":[{"start":{"line":233,"column":17},"end":{"line":233,"column":56}}]},"31":{"type":"branch","line":233,"loc":{"start":{"line":233,"column":21},"end":{"line":233,"column":84}},"locations":[{"start":{"line":233,"column":21},"end":{"line":233,"column":84}}]},"32":{"type":"branch","line":236,"loc":{"start":{"line":236,"column":16},"end":{"line":236,"column":26}},"locations":[{"start":{"line":236,"column":16},"end":{"line":236,"column":26}}]},"33":{"type":"branch","line":236,"loc":{"start":{"line":236,"column":20},"end":{"line":236,"column":30}},"locations":[{"start":{"line":236,"column":20},"end":{"line":236,"column":30}}]},"34":{"type":"branch","line":248,"loc":{"start":{"line":248,"column":52},"end":{"line":271,"column":2}},"locations":[{"start":{"line":248,"column":52},"end":{"line":271,"column":2}}]},"35":{"type":"branch","line":256,"loc":{"start":{"line":256,"column":27},"end":{"line":256,"column":42}},"locations":[{"start":{"line":256,"column":27},"end":{"line":256,"column":42}}]},"36":{"type":"branch","line":256,"loc":{"start":{"line":256,"column":38},"end":{"line":256,"column":46}},"locations":[{"start":{"line":256,"column":38},"end":{"line":256,"column":46}}]},"37":{"type":"branch","line":257,"loc":{"start":{"line":257,"column":25},"end":{"line":257,"column":40}},"locations":[{"start":{"line":257,"column":25},"end":{"line":257,"column":40}}]},"38":{"type":"branch","line":257,"loc":{"start":{"line":257,"column":36},"end":{"line":257,"column":44}},"locations":[{"start":{"line":257,"column":36},"end":{"line":257,"column":44}}]},"39":{"type":"branch","line":262,"loc":{"start":{"line":262,"column":8},"end":{"line":263,"column":46}},"locations":[{"start":{"line":262,"column":8},"end":{"line":263,"column":46}}]},"40":{"type":"branch","line":263,"loc":{"start":{"line":263,"column":12},"end":{"line":264,"column":62}},"locations":[{"start":{"line":263,"column":12},"end":{"line":264,"column":62}}]}},"b":{"0":[25],"1":[12],"2":[13],"3":[13],"4":[12],"5":[2],"6":[0],"7":[12],"8":[10],"9":[2],"10":[3],"11":[9],"12":[1],"13":[9],"14":[1],"15":[3],"16":[20],"17":[12],"18":[2],"19":[10],"20":[2],"21":[8],"22":[12],"23":[11],"24":[1],"25":[11],"26":[1],"27":[11],"28":[1],"29":[3],"30":[2],"31":[1],"32":[2],"33":[1],"34":[30],"35":[10],"36":[20],"37":[10],"38":[20],"39":[10],"40":[20]},"fnMap":{"0":{"name":"TrackInfo","decl":{"start":{"line":15,"column":51},"end":{"line":157,"column":2}},"loc":{"start":{"line":15,"column":51},"end":{"line":157,"column":2}},"line":15},"1":{"name":"formatTime","decl":{"start":{"line":22,"column":21},"end":{"line":27,"column":4}},"loc":{"start":{"line":22,"column":21},"end":{"line":27,"column":4}},"line":22},"2":{"name":"onClick","decl":{"start":{"line":126,"column":19},"end":{"line":126,"column":44}},"loc":{"start":{"line":126,"column":19},"end":{"line":126,"column":44}},"line":126},"3":{"name":"onClick","decl":{"start":{"line":131,"column":19},"end":{"line":131,"column":28}},"loc":{"start":{"line":131,"column":19},"end":{"line":131,"column":28}},"line":131},"4":{"name":"onClick","decl":{"start":{"line":137,"column":19},"end":{"line":137,"column":43}},"loc":{"start":{"line":137,"column":19},"end":{"line":137,"column":43}},"line":137},"5":{"name":"AlbumArt","decl":{"start":{"line":164,"column":42},"end":{"line":194,"column":2}},"loc":{"start":{"line":164,"column":42},"end":{"line":194,"column":2}},"line":164},"6":{"name":"PlaybackIndicator","decl":{"start":{"line":200,"column":60},"end":{"line":220,"column":2}},"loc":{"start":{"line":200,"column":60},"end":{"line":220,"column":2}},"line":200},"7":{"name":"OffsetBadge","decl":{"start":{"line":226,"column":48},"end":{"line":239,"column":2}},"loc":{"start":{"line":226,"column":48},"end":{"line":239,"column":2}},"line":226},"8":{"name":"ControlButton","decl":{"start":{"line":248,"column":52},"end":{"line":271,"column":2}},"loc":{"start":{"line":248,"column":52},"end":{"line":271,"column":2}},"line":248}},"f":{"0":25,"1":20,"2":0,"3":0,"4":0,"5":12,"6":12,"7":3,"8":30}}
,"C:\\Users\\letic\\pimp\\letraspip-tauri\\src\\hooks\\useTauri.ts": {"path":"C:\\Users\\letic\\pimp\\letraspip-tauri\\src\\hooks\\useTauri.ts","all":false,"statementMap":{"2":{"start":{"line":3,"column":0},"end":{"line":3,"column":55}},"3":{"start":{"line":4,"column":0},"end":{"line":4,"column":46}},"4":{"start":{"line":5,"column":0},"end":{"line":5,"column":47}},"6":{"start":{"line":7,"column":0},"end":{"line":7,"column":39}},"9":{"start":{"line":10,"column":0},"end":{"line":10,"column":36}},"10":{"start":{"line":11,"column":0},"end":{"line":11,"column":51}},"12":{"start":{"line":13,"column":0},"end":{"line":13,"column":78}},"13":{"start":{"line":14,"column":0},"end":{"line":14,"column":9}},"14":{"start":{"line":15,"column":0},"end":{"line":15,"column":72}},"15":{"start":{"line":16,"column":0},"end":{"line":16,"column":25}},"16":{"start":{"line":17,"column":0},"end":{"line":17,"column":19}},"17":{"start":{"line":18,"column":0},"end":{"line":18,"column":21}},"18":{"start":{"line":19,"column":0},"end":{"line":19,"column":59}},"19":{"start":{"line":20,"column":0},"end":{"line":20,"column":47}},"20":{"start":{"line":21,"column":0},"end":{"line":21,"column":26}},"21":{"start":{"line":22,"column":0},"end":{"line":22,"column":18}},"22":{"start":{"line":23,"column":0},"end":{"line":23,"column":5}},"23":{"start":{"line":24,"column":0},"end":{"line":24,"column":31}},"25":{"start":{"line":26,"column":0},"end":{"line":26,"column":102}},"26":{"start":{"line":27,"column":0},"end":{"line":27,"column":9}},"27":{"start":{"line":28,"column":0},"end":{"line":28,"column":86}},"28":{"start":{"line":29,"column":0},"end":{"line":29,"column":20}},"29":{"start":{"line":30,"column":0},"end":{"line":30,"column":21}},"30":{"start":{"line":31,"column":0},"end":{"line":31,"column":52}},"31":{"start":{"line":32,"column":0},"end":{"line":32,"column":41}},"32":{"start":{"line":33,"column":0},"end":{"line":33,"column":18}},"33":{"start":{"line":34,"column":0},"end":{"line":34,"column":5}},"34":{"start":{"line":35,"column":0},"end":{"line":35,"column":17}},"36":{"start":{"line":37,"column":0},"end":{"line":37,"column":78}},"37":{"start":{"line":38,"column":0},"end":{"line":38,"column":9}},"38":{"start":{"line":39,"column":0},"end":{"line":39,"column":73}},"39":{"start":{"line":40,"column":0},"end":{"line":40,"column":23}},"40":{"start":{"line":41,"column":0},"end":{"line":41,"column":21}},"41":{"start":{"line":42,"column":0},"end":{"line":42,"column":55}},"42":{"start":{"line":43,"column":0},"end":{"line":43,"column":42}},"43":{"start":{"line":44,"column":0},"end":{"line":44,"column":15}},"44":{"start":{"line":45,"column":0},"end":{"line":45,"column":5}},"45":{"start":{"line":46,"column":0},"end":{"line":46,"column":17}},"47":{"start":{"line":48,"column":0},"end":{"line":48,"column":64}},"48":{"start":{"line":49,"column":0},"end":{"line":49,"column":9}},"49":{"start":{"line":50,"column":0},"end":{"line":50,"column":61}},"50":{"start":{"line":51,"column":0},"end":{"line":51,"column":23}},"51":{"start":{"line":52,"column":0},"end":{"line":52,"column":21}},"52":{"start":{"line":53,"column":0},"end":{"line":53,"column":54}},"53":{"start":{"line":54,"column":0},"end":{"line":54,"column":41}},"54":{"start":{"line":55,"column":0},"end":{"line":55,"column":15}},"55":{"start":{"line":56,"column":0},"end":{"line":56,"column":5}},"56":{"start":{"line":57,"column":0},"end":{"line":57,"column":17}},"58":{"start":{"line":59,"column":0},"end":{"line":59,"column":75}},"59":{"start":{"line":60,"column":0},"end":{"line":60,"column":9}},"60":{"start":{"line":61,"column":0},"end":{"line":61,"column":62}},"61":{"start":{"line":62,"column":0},"end":{"line":62,"column":19}},"62":{"start":{"line":63,"column":0},"end":{"line":63,"column":21}},"63":{"start":{"line":64,"column":0},"end":{"line":64,"column":56}},"64":{"start":{"line":65,"column":0},"end":{"line":65,"column":43}},"65":{"start":{"line":66,"column":0},"end":{"line":66,"column":18}},"66":{"start":{"line":67,"column":0},"end":{"line":67,"column":5}},"67":{"start":{"line":68,"column":0},"end":{"line":68,"column":17}},"69":{"start":{"line":70,"column":0},"end":{"line":70,"column":10}},"70":{"start":{"line":71,"column":0},"end":{"line":71,"column":20}},"71":{"start":{"line":72,"column":0},"end":{"line":72,"column":14}},"72":{"start":{"line":73,"column":0},"end":{"line":73,"column":17}},"73":{"start":{"line":74,"column":0},"end":{"line":74,"column":16}},"74":{"start":{"line":75,"column":0},"end":{"line":75,"column":17}},"75":{"start":{"line":76,"column":0},"end":{"line":76,"column":4}},"76":{"start":{"line":77,"column":0},"end":{"line":77,"column":1}},"79":{"start":{"line":80,"column":0},"end":{"line":80,"column":34}},"80":{"start":{"line":81,"column":0},"end":{"line":81,"column":9}},"81":{"start":{"line":82,"column":0},"end":{"line":82,"column":20}},"82":{"start":{"line":83,"column":0},"end":{"line":83,"column":14}},"83":{"start":{"line":84,"column":0},"end":{"line":84,"column":17}},"84":{"start":{"line":85,"column":0},"end":{"line":85,"column":16}},"85":{"start":{"line":86,"column":0},"end":{"line":86,"column":13}},"86":{"start":{"line":87,"column":0},"end":{"line":87,"column":17}},"87":{"start":{"line":88,"column":0},"end":{"line":88,"column":20}},"89":{"start":{"line":90,"column":0},"end":{"line":90,"column":46}},"91":{"start":{"line":92,"column":0},"end":{"line":92,"column":19}},"92":{"start":{"line":93,"column":0},"end":{"line":93,"column":57}},"93":{"start":{"line":94,"column":0},"end":{"line":94,"column":56}},"94":{"start":{"line":95,"column":0},"end":{"line":95,"column":59}},"95":{"start":{"line":96,"column":0},"end":{"line":96,"column":60}},"97":{"start":{"line":98,"column":0},"end":{"line":98,"column":45}},"98":{"start":{"line":99,"column":0},"end":{"line":99,"column":11}},"100":{"start":{"line":101,"column":0},"end":{"line":101,"column":84}},"101":{"start":{"line":102,"column":0},"end":{"line":102,"column":77}},"102":{"start":{"line":103,"column":0},"end":{"line":103,"column":41}},"103":{"start":{"line":104,"column":0},"end":{"line":104,"column":29}},"104":{"start":{"line":105,"column":0},"end":{"line":105,"column":11}},"107":{"start":{"line":108,"column":0},"end":{"line":108,"column":83}},"108":{"start":{"line":109,"column":0},"end":{"line":109,"column":76}},"109":{"start":{"line":110,"column":0},"end":{"line":110,"column":35}},"110":{"start":{"line":111,"column":0},"end":{"line":111,"column":11}},"113":{"start":{"line":114,"column":0},"end":{"line":114,"column":102}},"114":{"start":{"line":115,"column":0},"end":{"line":115,"column":49}},"115":{"start":{"line":116,"column":0},"end":{"line":116,"column":11}},"118":{"start":{"line":119,"column":0},"end":{"line":119,"column":91}},"119":{"start":{"line":120,"column":0},"end":{"line":120,"column":38}},"120":{"start":{"line":121,"column":0},"end":{"line":121,"column":11}},"122":{"start":{"line":123,"column":0},"end":{"line":123,"column":71}},"123":{"start":{"line":124,"column":0},"end":{"line":124,"column":23}},"124":{"start":{"line":125,"column":0},"end":{"line":125,"column":66}},"125":{"start":{"line":126,"column":0},"end":{"line":126,"column":49}},"126":{"start":{"line":127,"column":0},"end":{"line":127,"column":7}},"127":{"start":{"line":128,"column":0},"end":{"line":128,"column":6}},"129":{"start":{"line":130,"column":0},"end":{"line":130,"column":26}},"132":{"start":{"line":133,"column":0},"end":{"line":133,"column":18}},"133":{"start":{"line":134,"column":0},"end":{"line":134,"column":31}},"134":{"start":{"line":135,"column":0},"end":{"line":135,"column":30}},"135":{"start":{"line":136,"column":0},"end":{"line":136,"column":33}},"136":{"start":{"line":137,"column":0},"end":{"line":137,"column":34}},"137":{"start":{"line":138,"column":0},"end":{"line":138,"column":6}},"138":{"start":{"line":139,"column":0},"end":{"line":139,"column":86}},"141":{"start":{"line":142,"column":0},"end":{"line":142,"column":19}},"142":{"start":{"line":143,"column":0},"end":{"line":143,"column":46}},"143":{"start":{"line":144,"column":0},"end":{"line":144,"column":41}},"144":{"start":{"line":145,"column":0},"end":{"line":145,"column":18}},"145":{"start":{"line":146,"column":0},"end":{"line":146,"column":59}},"146":{"start":{"line":147,"column":0},"end":{"line":147,"column":28}},"147":{"start":{"line":148,"column":0},"end":{"line":148,"column":34}},"148":{"start":{"line":149,"column":0},"end":{"line":149,"column":79}},"149":{"start":{"line":150,"column":0},"end":{"line":150,"column":47}},"150":{"start":{"line":151,"column":0},"end":{"line":151,"column":9}},"151":{"start":{"line":152,"column":0},"end":{"line":152,"column":27}},"152":{"start":{"line":153,"column":0},"end":{"line":153,"column":73}},"153":{"start":{"line":154,"column":0},"end":{"line":154,"column":34}},"154":{"start":{"line":155,"column":0},"end":{"line":155,"column":9}},"155":{"start":{"line":156,"column":0},"end":{"line":156,"column":7}},"156":{"start":{"line":157,"column":0},"end":{"line":157,"column":50}},"158":{"start":{"line":159,"column":0},"end":{"line":159,"column":41}},"159":{"start":{"line":160,"column":0},"end":{"line":160,"column":63}},"160":{"start":{"line":161,"column":0},"end":{"line":161,"column":1}},"163":{"start":{"line":164,"column":0},"end":{"line":164,"column":40}},"164":{"start":{"line":165,"column":0},"end":{"line":165,"column":59}},"165":{"start":{"line":166,"column":0},"end":{"line":166,"column":60}},"167":{"start":{"line":168,"column":0},"end":{"line":168,"column":19}},"168":{"start":{"line":169,"column":0},"end":{"line":169,"column":60}},"170":{"start":{"line":171,"column":0},"end":{"line":171,"column":26}},"171":{"start":{"line":172,"column":0},"end":{"line":172,"column":25}},"172":{"start":{"line":173,"column":0},"end":{"line":173,"column":33}},"173":{"start":{"line":174,"column":0},"end":{"line":174,"column":35}},"174":{"start":{"line":175,"column":0},"end":{"line":175,"column":16}},"175":{"start":{"line":176,"column":0},"end":{"line":176,"column":26}},"176":{"start":{"line":177,"column":0},"end":{"line":177,"column":33}},"177":{"start":{"line":178,"column":0},"end":{"line":178,"column":34}},"178":{"start":{"line":179,"column":0},"end":{"line":179,"column":16}},"179":{"start":{"line":180,"column":0},"end":{"line":180,"column":17}},"180":{"start":{"line":181,"column":0},"end":{"line":181,"column":17}},"181":{"start":{"line":182,"column":0},"end":{"line":182,"column":49}},"182":{"start":{"line":183,"column":0},"end":{"line":183,"column":35}},"183":{"start":{"line":184,"column":0},"end":{"line":184,"column":32}},"184":{"start":{"line":185,"column":0},"end":{"line":185,"column":11}},"185":{"start":{"line":186,"column":0},"end":{"line":186,"column":16}},"186":{"start":{"line":187,"column":0},"end":{"line":187,"column":17}},"187":{"start":{"line":188,"column":0},"end":{"line":188,"column":17}},"188":{"start":{"line":189,"column":0},"end":{"line":189,"column":49}},"189":{"start":{"line":190,"column":0},"end":{"line":190,"column":35}},"190":{"start":{"line":191,"column":0},"end":{"line":191,"column":45}},"191":{"start":{"line":192,"column":0},"end":{"line":192,"column":11}},"192":{"start":{"line":193,"column":0},"end":{"line":193,"column":16}},"193":{"start":{"line":194,"column":0},"end":{"line":194,"column":22}},"194":{"start":{"line":195,"column":0},"end":{"line":195,"column":33}},"196":{"start":{"line":197,"column":0},"end":{"line":197,"column":16}},"197":{"start":{"line":198,"column":0},"end":{"line":198,"column":7}},"198":{"start":{"line":199,"column":0},"end":{"line":199,"column":6}},"200":{"start":{"line":201,"column":0},"end":{"line":201,"column":55}},"201":{"start":{"line":202,"column":0},"end":{"line":202,"column":71}},"202":{"start":{"line":203,"column":0},"end":{"line":203,"column":67}},"203":{"start":{"line":204,"column":0},"end":{"line":204,"column":1}},"206":{"start":{"line":207,"column":0},"end":{"line":207,"column":33}},"207":{"start":{"line":208,"column":0},"end":{"line":208,"column":47}},"209":{"start":{"line":210,"column":0},"end":{"line":210,"column":19}},"210":{"start":{"line":211,"column":0},"end":{"line":211,"column":36}},"211":{"start":{"line":212,"column":0},"end":{"line":212,"column":25}},"213":{"start":{"line":214,"column":0},"end":{"line":214,"column":27}},"215":{"start":{"line":216,"column":0},"end":{"line":216,"column":48}},"216":{"start":{"line":217,"column":0},"end":{"line":217,"column":71}},"217":{"start":{"line":218,"column":0},"end":{"line":218,"column":26}},"218":{"start":{"line":219,"column":0},"end":{"line":219,"column":64}},"219":{"start":{"line":220,"column":0},"end":{"line":220,"column":60}},"220":{"start":{"line":221,"column":0},"end":{"line":221,"column":7}},"221":{"start":{"line":222,"column":0},"end":{"line":222,"column":6}},"223":{"start":{"line":224,"column":0},"end":{"line":224,"column":55}},"224":{"start":{"line":225,"column":0},"end":{"line":225,"column":23}},"227":{"start":{"line":228,"column":0},"end":{"line":228,"column":7}},"228":{"start":{"line":229,"column":0},"end":{"line":229,"column":6}},"230":{"start":{"line":231,"column":0},"end":{"line":231,"column":33}},"231":{"start":{"line":232,"column":0},"end":{"line":232,"column":25}},"232":{"start":{"line":233,"column":0},"end":{"line":233,"column":65}},"233":{"start":{"line":234,"column":0},"end":{"line":234,"column":61}},"234":{"start":{"line":235,"column":0},"end":{"line":235,"column":6}},"236":{"start":{"line":237,"column":0},"end":{"line":237,"column":59}},"238":{"start":{"line":239,"column":0},"end":{"line":239,"column":18}},"239":{"start":{"line":240,"column":0},"end":{"line":240,"column":64}},"240":{"start":{"line":241,"column":0},"end":{"line":241,"column":65}},"241":{"start":{"line":242,"column":0},"end":{"line":242,"column":61}},"242":{"start":{"line":243,"column":0},"end":{"line":243,"column":6}},"243":{"start":{"line":244,"column":0},"end":{"line":244,"column":9}},"245":{"start":{"line":246,"column":0},"end":{"line":246,"column":17}},"246":{"start":{"line":247,"column":0},"end":{"line":247,"column":1}}},"s":{"2":1,"3":1,"4":1,"6":1,"9":1,"10":32,"12":32,"13":3,"14":3,"15":2,"16":2,"17":3,"18":1,"19":1,"20":1,"21":1,"22":1,"23":32,"25":32,"26":3,"27":3,"28":2,"29":3,"30":1,"31":1,"32":1,"33":1,"34":32,"36":32,"37":4,"38":4,"39":3,"40":4,"41":1,"42":1,"43":1,"44":1,"45":32,"47":32,"48":2,"49":2,"50":1,"51":1,"52":1,"53":1,"54":1,"55":1,"56":32,"58":32,"59":2,"60":2,"61":1,"62":1,"63":1,"64":1,"65":1,"66":1,"67":32,"69":32,"70":32,"71":32,"72":32,"73":32,"74":32,"75":32,"76":32,"79":1,"80":6,"81":6,"82":6,"83":6,"84":6,"85":6,"86":6,"87":6,"89":6,"91":6,"92":6,"93":6,"94":6,"95":6,"97":6,"98":6,"100":6,"101":1,"102":1,"103":1,"104":6,"107":5,"108":1,"109":1,"110":5,"113":5,"114":1,"115":5,"118":5,"119":1,"120":5,"122":5,"123":6,"124":1,"125":1,"126":1,"127":6,"129":6,"132":6,"133":6,"134":6,"135":6,"136":6,"137":6,"138":6,"141":6,"142":6,"143":0,"144":0,"145":0,"146":0,"147":0,"148":0,"149":0,"150":0,"151":0,"152":0,"153":0,"154":0,"155":0,"156":6,"158":6,"159":6,"160":6,"163":1,"164":1,"165":1,"167":1,"168":1,"170":0,"171":0,"172":0,"173":0,"174":0,"175":0,"176":0,"177":0,"178":0,"179":0,"180":0,"181":0,"182":0,"183":0,"184":0,"185":0,"186":0,"187":0,"188":0,"189":0,"190":0,"191":0,"192":0,"193":0,"194":0,"196":0,"197":0,"198":0,"200":1,"201":1,"202":1,"203":1,"206":1,"207":3,"209":3,"210":3,"211":3,"213":0,"215":0,"216":0,"217":0,"218":0,"219":0,"220":0,"221":0,"223":0,"224":0,"227":0,"228":0,"230":0,"231":0,"232":0,"233":0,"234":0,"236":0,"238":0,"239":0,"240":0,"241":0,"242":0,"243":3,"245":3,"246":3},"branchMap":{"0":{"type":"branch","line":10,"loc":{"start":{"line":10,"column":7},"end":{"line":77,"column":1}},"locations":[{"start":{"line":10,"column":7},"end":{"line":77,"column":1}}]},"1":{"type":"branch","line":13,"loc":{"start":{"line":13,"column":38},"end":{"line":24,"column":5}},"locations":[{"start":{"line":13,"column":38},"end":{"line":24,"column":5}}]},"2":{"type":"branch","line":15,"loc":{"start":{"line":15,"column":70},"end":{"line":18,"column":13}},"locations":[{"start":{"line":15,"column":70},"end":{"line":18,"column":13}}]},"3":{"type":"branch","line":18,"loc":{"start":{"line":18,"column":4},"end":{"line":23,"column":5}},"locations":[{"start":{"line":18,"column":4},"end":{"line":23,"column":5}}]},"4":{"type":"branch","line":26,"loc":{"start":{"line":26,"column":32},"end":{"line":35,"column":5}},"locations":[{"start":{"line":26,"column":32},"end":{"line":35,"column":5}}]},"5":{"type":"branch","line":28,"loc":{"start":{"line":28,"column":84},"end":{"line":30,"column":13}},"locations":[{"start":{"line":28,"column":84},"end":{"line":30,"column":13}}]},"6":{"type":"branch","line":30,"loc":{"start":{"line":30,"column":4},"end":{"line":34,"column":5}},"locations":[{"start":{"line":30,"column":4},"end":{"line":34,"column":5}}]},"7":{"type":"branch","line":37,"loc":{"start":{"line":37,"column":35},"end":{"line":46,"column":5}},"locations":[{"start":{"line":37,"column":35},"end":{"line":46,"column":5}}]},"8":{"type":"branch","line":39,"loc":{"start":{"line":39,"column":71},"end":{"line":41,"column":13}},"locations":[{"start":{"line":39,"column":71},"end":{"line":41,"column":13}}]},"9":{"type":"branch","line":41,"loc":{"start":{"line":41,"column":4},"end":{"line":45,"column":5}},"locations":[{"start":{"line":41,"column":4},"end":{"line":45,"column":5}}]},"10":{"type":"branch","line":48,"loc":{"start":{"line":48,"column":34},"end":{"line":57,"column":5}},"locations":[{"start":{"line":48,"column":34},"end":{"line":57,"column":5}}]},"11":{"type":"branch","line":50,"loc":{"start":{"line":50,"column":59},"end":{"line":56,"column":5}},"locations":[{"start":{"line":50,"column":59},"end":{"line":56,"column":5}}]},"12":{"type":"branch","line":59,"loc":{"start":{"line":59,"column":35},"end":{"line":68,"column":5}},"locations":[{"start":{"line":59,"column":35},"end":{"line":68,"column":5}}]},"13":{"type":"branch","line":61,"loc":{"start":{"line":61,"column":60},"end":{"line":67,"column":5}},"locations":[{"start":{"line":61,"column":60},"end":{"line":67,"column":5}}]},"14":{"type":"branch","line":80,"loc":{"start":{"line":80,"column":7},"end":{"line":161,"column":1}},"locations":[{"start":{"line":80,"column":7},"end":{"line":161,"column":1}}]},"15":{"type":"branch","line":92,"loc":{"start":{"line":92,"column":12},"end":{"line":139,"column":5}},"locations":[{"start":{"line":92,"column":12},"end":{"line":139,"column":5}}]},"16":{"type":"branch","line":98,"loc":{"start":{"line":98,"column":32},"end":{"line":128,"column":6}},"locations":[{"start":{"line":98,"column":32},"end":{"line":128,"column":6}}]},"17":{"type":"branch","line":105,"loc":{"start":{"line":105,"column":9},"end":{"line":124,"column":15}},"locations":[{"start":{"line":105,"column":9},"end":{"line":124,"column":15}}]},"18":{"type":"branch","line":124,"loc":{"start":{"line":124,"column":6},"end":{"line":127,"column":7}},"locations":[{"start":{"line":124,"column":6},"end":{"line":127,"column":7}}]},"19":{"type":"branch","line":101,"loc":{"start":{"line":101,"column":72},"end":{"line":105,"column":9}},"locations":[{"start":{"line":101,"column":72},"end":{"line":105,"column":9}}]},"20":{"type":"branch","line":108,"loc":{"start":{"line":108,"column":71},"end":{"line":111,"column":9}},"locations":[{"start":{"line":108,"column":71},"end":{"line":111,"column":9}}]},"21":{"type":"branch","line":114,"loc":{"start":{"line":114,"column":90},"end":{"line":116,"column":9}},"locations":[{"start":{"line":114,"column":90},"end":{"line":116,"column":9}}]},"22":{"type":"branch","line":119,"loc":{"start":{"line":119,"column":79},"end":{"line":121,"column":9}},"locations":[{"start":{"line":119,"column":79},"end":{"line":121,"column":9}}]},"23":{"type":"branch","line":133,"loc":{"start":{"line":133,"column":11},"end":{"line":138,"column":6}},"locations":[{"start":{"line":133,"column":11},"end":{"line":138,"column":6}}]},"24":{"type":"branch","line":134,"loc":{"start":{"line":134,"column":6},"end":{"line":134,"column":31}},"locations":[{"start":{"line":134,"column":6},"end":{"line":134,"column":31}}]},"25":{"type":"branch","line":135,"loc":{"start":{"line":135,"column":6},"end":{"line":135,"column":30}},"locations":[{"start":{"line":135,"column":6},"end":{"line":135,"column":30}}]},"26":{"type":"branch","line":136,"loc":{"start":{"line":136,"column":6},"end":{"line":136,"column":33}},"locations":[{"start":{"line":136,"column":6},"end":{"line":136,"column":33}}]},"27":{"type":"branch","line":137,"loc":{"start":{"line":137,"column":6},"end":{"line":137,"column":34}},"locations":[{"start":{"line":137,"column":6},"end":{"line":137,"column":34}}]},"28":{"type":"branch","line":142,"loc":{"start":{"line":142,"column":12},"end":{"line":160,"column":5}},"locations":[{"start":{"line":142,"column":12},"end":{"line":160,"column":5}}]},"29":{"type":"branch","line":159,"loc":{"start":{"line":159,"column":11},"end":{"line":159,"column":41}},"locations":[{"start":{"line":159,"column":11},"end":{"line":159,"column":41}}]},"30":{"type":"branch","line":164,"loc":{"start":{"line":164,"column":7},"end":{"line":204,"column":1}},"locations":[{"start":{"line":164,"column":7},"end":{"line":204,"column":1}}]},"31":{"type":"branch","line":168,"loc":{"start":{"line":168,"column":12},"end":{"line":203,"column":5}},"locations":[{"start":{"line":168,"column":12},"end":{"line":203,"column":5}}]},"32":{"type":"branch","line":202,"loc":{"start":{"line":202,"column":11},"end":{"line":202,"column":71}},"locations":[{"start":{"line":202,"column":11},"end":{"line":202,"column":71}}]},"33":{"type":"branch","line":207,"loc":{"start":{"line":207,"column":7},"end":{"line":247,"column":1}},"locations":[{"start":{"line":207,"column":7},"end":{"line":247,"column":1}}]},"34":{"type":"branch","line":210,"loc":{"start":{"line":210,"column":12},"end":{"line":244,"column":5}},"locations":[{"start":{"line":210,"column":12},"end":{"line":244,"column":5}}]},"35":{"type":"branch","line":212,"loc":{"start":{"line":212,"column":18},"end":{"line":243,"column":6}},"locations":[{"start":{"line":212,"column":18},"end":{"line":243,"column":6}}]}},"b":{"0":[32],"1":[3],"2":[2],"3":[1],"4":[3],"5":[2],"6":[1],"7":[4],"8":[3],"9":[1],"10":[2],"11":[1],"12":[2],"13":[1],"14":[6],"15":[6],"16":[6],"17":[5],"18":[1],"19":[1],"20":[1],"21":[1],"22":[1],"23":[6],"24":[5],"25":[5],"26":[5],"27":[5],"28":[6],"29":[6],"30":[1],"31":[1],"32":[1],"33":[3],"34":[3],"35":[0]},"fnMap":{"0":{"name":"useTauriCommands","decl":{"start":{"line":10,"column":7},"end":{"line":77,"column":1}},"loc":{"start":{"line":10,"column":7},"end":{"line":77,"column":1}},"line":10},"1":{"name":"useTauriEvents","decl":{"start":{"line":80,"column":7},"end":{"line":161,"column":1}},"loc":{"start":{"line":80,"column":7},"end":{"line":161,"column":1}},"line":80},"2":{"name":"setupEventListeners","decl":{"start":{"line":98,"column":32},"end":{"line":128,"column":6}},"loc":{"start":{"line":98,"column":32},"end":{"line":128,"column":6}},"line":98},"3":{"name":"useKeyboardShortcuts","decl":{"start":{"line":164,"column":7},"end":{"line":204,"column":1}},"loc":{"start":{"line":164,"column":7},"end":{"line":204,"column":1}},"line":164},"4":{"name":"handleKeyPress","decl":{"start":{"line":169,"column":27},"end":{"line":199,"column":6}},"loc":{"start":{"line":169,"column":27},"end":{"line":199,"column":6}},"line":169},"5":{"name":"useWindowDrag","decl":{"start":{"line":207,"column":7},"end":{"line":247,"column":1}},"loc":{"start":{"line":207,"column":7},"end":{"line":247,"column":1}},"line":207},"6":{"name":"handleMouseDown","decl":{"start":{"line":216,"column":28},"end":{"line":222,"column":6}},"loc":{"start":{"line":216,"column":28},"end":{"line":222,"column":6}},"line":216},"7":{"name":"handleMouseMove","decl":{"start":{"line":224,"column":28},"end":{"line":229,"column":6}},"loc":{"start":{"line":224,"column":28},"end":{"line":229,"column":6}},"line":224},"8":{"name":"handleMouseUp","decl":{"start":{"line":231,"column":26},"end":{"line":235,"column":6}},"loc":{"start":{"line":231,"column":26},"end":{"line":235,"column":6}},"line":231}},"f":{"0":32,"1":6,"2":6,"3":1,"4":0,"5":3,"6":0,"7":0,"8":0}}
,"C:\\Users\\letic\\pimp\\letraspip-tauri\\src\\store\\index.ts": {"path":"C:\\Users\\letic\\pimp\\letraspip-tauri\\src\\store\\index.ts","all":false,"statementMap":{"2":{"start":{"line":3,"column":0},"end":{"line":3,"column":33}},"3":{"start":{"line":4,"column":0},"end":{"line":4,"column":59}},"44":{"start":{"line":45,"column":0},"end":{"line":45,"column":38}},"45":{"start":{"line":46,"column":0},"end":{"line":46,"column":15}},"46":{"start":{"line":47,"column":0},"end":{"line":47,"column":25}},"47":{"start":{"line":48,"column":0},"end":{"line":48,"column":16}},"48":{"start":{"line":49,"column":0},"end":{"line":49,"column":11}},"49":{"start":{"line":50,"column":0},"end":{"line":50,"column":22}},"50":{"start":{"line":51,"column":0},"end":{"line":51,"column":4}},"51":{"start":{"line":52,"column":0},"end":{"line":52,"column":12}},"52":{"start":{"line":53,"column":0},"end":{"line":53,"column":27}},"53":{"start":{"line":54,"column":0},"end":{"line":54,"column":23}},"54":{"start":{"line":55,"column":0},"end":{"line":55,"column":27}},"55":{"start":{"line":56,"column":0},"end":{"line":56,"column":29}},"56":{"start":{"line":57,"column":0},"end":{"line":57,"column":4}},"57":{"start":{"line":58,"column":0},"end":{"line":58,"column":2}},"59":{"start":{"line":60,"column":0},"end":{"line":60,"column":46}},"60":{"start":{"line":61,"column":0},"end":{"line":61,"column":41}},"62":{"start":{"line":63,"column":0},"end":{"line":63,"column":16}},"63":{"start":{"line":64,"column":0},"end":{"line":64,"column":30}},"64":{"start":{"line":65,"column":0},"end":{"line":65,"column":23}},"65":{"start":{"line":66,"column":0},"end":{"line":66,"column":23}},"66":{"start":{"line":67,"column":0},"end":{"line":67,"column":31}},"67":{"start":{"line":68,"column":0},"end":{"line":68,"column":6}},"68":{"start":{"line":69,"column":0},"end":{"line":69,"column":28}},"69":{"start":{"line":70,"column":0},"end":{"line":70,"column":22}},"70":{"start":{"line":71,"column":0},"end":{"line":71,"column":51}},"71":{"start":{"line":72,"column":0},"end":{"line":72,"column":10}},"73":{"start":{"line":74,"column":0},"end":{"line":74,"column":23}},"74":{"start":{"line":75,"column":0},"end":{"line":75,"column":61}},"76":{"start":{"line":77,"column":0},"end":{"line":77,"column":17}},"77":{"start":{"line":78,"column":0},"end":{"line":78,"column":43}},"79":{"start":{"line":80,"column":0},"end":{"line":80,"column":26}},"80":{"start":{"line":81,"column":0},"end":{"line":81,"column":67}},"82":{"start":{"line":83,"column":0},"end":{"line":83,"column":30}},"83":{"start":{"line":84,"column":0},"end":{"line":84,"column":36}},"84":{"start":{"line":85,"column":0},"end":{"line":85,"column":22}},"85":{"start":{"line":86,"column":0},"end":{"line":86,"column":55}},"86":{"start":{"line":87,"column":0},"end":{"line":87,"column":10}},"88":{"start":{"line":89,"column":0},"end":{"line":89,"column":16}},"89":{"start":{"line":90,"column":0},"end":{"line":90,"column":49}},"91":{"start":{"line":92,"column":0},"end":{"line":92,"column":27}},"92":{"start":{"line":93,"column":0},"end":{"line":93,"column":73}},"94":{"start":{"line":95,"column":0},"end":{"line":95,"column":23}},"95":{"start":{"line":96,"column":0},"end":{"line":96,"column":65}},"97":{"start":{"line":98,"column":0},"end":{"line":98,"column":16}},"98":{"start":{"line":99,"column":0},"end":{"line":99,"column":40}},"99":{"start":{"line":100,"column":0},"end":{"line":100,"column":5}},"100":{"start":{"line":101,"column":0},"end":{"line":101,"column":2}},"103":{"start":{"line":104,"column":0},"end":{"line":104,"column":74}},"104":{"start":{"line":105,"column":0},"end":{"line":105,"column":62}},"105":{"start":{"line":106,"column":0},"end":{"line":106,"column":68}},"106":{"start":{"line":107,"column":0},"end":{"line":107,"column":66}},"107":{"start":{"line":108,"column":0},"end":{"line":108,"column":66}},"108":{"start":{"line":109,"column":0},"end":{"line":109,"column":72}},"109":{"start":{"line":110,"column":0},"end":{"line":110,"column":60}}},"s":{"2":1,"3":1,"44":1,"45":1,"46":1,"47":1,"48":1,"49":1,"50":1,"51":1,"52":1,"53":1,"54":1,"55":1,"56":1,"57":1,"59":1,"60":1,"62":3,"63":3,"64":3,"65":3,"66":3,"67":3,"68":3,"69":0,"70":0,"71":0,"73":3,"74":3,"76":3,"77":3,"79":3,"80":3,"82":3,"83":3,"84":0,"85":0,"86":0,"88":3,"89":3,"91":3,"92":3,"94":3,"95":3,"97":3,"98":3,"99":1,"100":1,"103":1,"104":1,"105":1,"106":1,"107":1,"108":1,"109":1},"branchMap":{"0":{"type":"branch","line":61,"loc":{"start":{"line":61,"column":24},"end":{"line":100,"column":4}},"locations":[{"start":{"line":61,"column":24},"end":{"line":100,"column":4}}]},"1":{"type":"branch","line":104,"loc":{"start":{"line":104,"column":34},"end":{"line":104,"column":74}},"locations":[{"start":{"line":104,"column":34},"end":{"line":104,"column":74}}]},"2":{"type":"branch","line":105,"loc":{"start":{"line":105,"column":28},"end":{"line":105,"column":62}},"locations":[{"start":{"line":105,"column":28},"end":{"line":105,"column":62}}]},"3":{"type":"branch","line":106,"loc":{"start":{"line":106,"column":31},"end":{"line":106,"column":68}},"locations":[{"start":{"line":106,"column":31},"end":{"line":106,"column":68}}]},"4":{"type":"branch","line":107,"loc":{"start":{"line":107,"column":30},"end":{"line":107,"column":66}},"locations":[{"start":{"line":107,"column":30},"end":{"line":107,"column":66}}]},"5":{"type":"branch","line":108,"loc":{"start":{"line":108,"column":30},"end":{"line":108,"column":66}},"locations":[{"start":{"line":108,"column":30},"end":{"line":108,"column":66}}]},"6":{"type":"branch","line":109,"loc":{"start":{"line":109,"column":33},"end":{"line":109,"column":72}},"locations":[{"start":{"line":109,"column":33},"end":{"line":109,"column":72}}]},"7":{"type":"branch","line":110,"loc":{"start":{"line":110,"column":27},"end":{"line":110,"column":60}},"locations":[{"start":{"line":110,"column":27},"end":{"line":110,"column":60}}]}},"b":{"0":[3],"1":[38],"2":[28],"3":[53],"4":[25],"5":[53],"6":[13],"7":[13]},"fnMap":{"0":{"name":"setSyncState","decl":{"start":{"line":69,"column":18},"end":{"line":72,"column":10}},"loc":{"start":{"line":69,"column":18},"end":{"line":72,"column":10}},"line":69},"1":{"name":"setCurrentTrack","decl":{"start":{"line":75,"column":21},"end":{"line":75,"column":61}},"loc":{"start":{"line":75,"column":21},"end":{"line":75,"column":61}},"line":75},"2":{"name":"setLyrics","decl":{"start":{"line":78,"column":15},"end":{"line":78,"column":43}},"loc":{"start":{"line":78,"column":15},"end":{"line":78,"column":43}},"line":78},"3":{"name":"setDebugVisible","decl":{"start":{"line":81,"column":21},"end":{"line":81,"column":67}},"loc":{"start":{"line":81,"column":21},"end":{"line":81,"column":67}},"line":81},"4":{"name":"updateSettings","decl":{"start":{"line":84,"column":20},"end":{"line":87,"column":10}},"loc":{"start":{"line":84,"column":20},"end":{"line":87,"column":10}},"line":84},"5":{"name":"setProgress","decl":{"start":{"line":90,"column":17},"end":{"line":90,"column":49}},"loc":{"start":{"line":90,"column":17},"end":{"line":90,"column":49}},"line":90},"6":{"name":"setUserHasScrolled","decl":{"start":{"line":93,"column":24},"end":{"line":93,"column":73}},"loc":{"start":{"line":93,"column":24},"end":{"line":93,"column":73}},"line":93},"7":{"name":"setConnected","decl":{"start":{"line":96,"column":18},"end":{"line":96,"column":65}},"loc":{"start":{"line":96,"column":18},"end":{"line":96,"column":65}},"line":96},"8":{"name":"setError","decl":{"start":{"line":99,"column":14},"end":{"line":99,"column":40}},"loc":{"start":{"line":99,"column":14},"end":{"line":99,"column":40}},"line":99},"9":{"name":"selectCurrentTrack","decl":{"start":{"line":104,"column":34},"end":{"line":104,"column":74}},"loc":{"start":{"line":104,"column":34},"end":{"line":104,"column":74}},"line":104},"10":{"name":"selectLyrics","decl":{"start":{"line":105,"column":28},"end":{"line":105,"column":62}},"loc":{"start":{"line":105,"column":28},"end":{"line":105,"column":62}},"line":105},"11":{"name":"selectSyncState","decl":{"start":{"line":106,"column":31},"end":{"line":106,"column":68}},"loc":{"start":{"line":106,"column":31},"end":{"line":106,"column":68}},"line":106},"12":{"name":"selectSettings","decl":{"start":{"line":107,"column":30},"end":{"line":107,"column":66}},"loc":{"start":{"line":107,"column":30},"end":{"line":107,"column":66}},"line":107},"13":{"name":"selectProgress","decl":{"start":{"line":108,"column":30},"end":{"line":108,"column":66}},"loc":{"start":{"line":108,"column":30},"end":{"line":108,"column":66}},"line":108},"14":{"name":"selectIsConnected","decl":{"start":{"line":109,"column":33},"end":{"line":109,"column":72}},"loc":{"start":{"line":109,"column":33},"end":{"line":109,"column":72}},"line":109},"15":{"name":"selectError","decl":{"start":{"line":110,"column":27},"end":{"line":110,"column":60}},"loc":{"start":{"line":110,"column":27},"end":{"line":110,"column":60}},"line":110}},"f":{"0":0,"1":0,"2":0,"3":0,"4":0,"5":0,"6":0,"7":0,"8":0,"9":38,"10":28,"11":53,"12":25,"13":53,"14":13,"15":13}}
,"C:\\Users\\letic\\pimp\\letraspip-tauri\\src\\types\\index.ts": {"path":"C:\\Users\\letic\\pimp\\letraspip-tauri\\src\\types\\index.ts","all":true,"statementMap":{"37":{"start":{"line":38,"column":0},"end":{"line":38,"column":27}},"38":{"start":{"line":39,"column":0},"end":{"line":39,"column":16}},"39":{"start":{"line":40,"column":0},"end":{"line":40,"column":20}},"40":{"start":{"line":41,"column":0},"end":{"line":41,"column":14}},"41":{"start":{"line":42,"column":0},"end":{"line":42,"column":32}}},"s":{"37":0,"38":0,"39":0,"40":0,"41":0},"branchMap":{"0":{"type":"branch","line":1,"loc":{"start":{"line":1,"column":1334},"end":{"line":69,"column":1}},"locations":[{"start":{"line":1,"column":1334},"end":{"line":69,"column":1}}]}},"b":{"0":[1]},"fnMap":{"0":{"name":"(empty-report)","decl":{"start":{"line":1,"column":1334},"end":{"line":69,"column":1}},"loc":{"start":{"line":1,"column":1334},"end":{"line":69,"column":1}},"line":1}},"f":{"0":1}}
}
